{"numFailedTestSuites":0,"numFailedTests":0,"numPassedTestSuites":19,"numPassedTests":1771,"numPendingTestSuites":2,"numPendingTests":7,"numRuntimeErrorTestSuites":0,"numTodoTests":0,"numTotalTestSuites":21,"numTotalTests":1778,"openHandles":[],"snapshot":{"added":0,"didUpdate":false,"failure":false,"filesAdded":0,"filesRemoved":0,"filesRemovedList":[],"filesUnmatched":0,"filesUpdated":0,"matched":0,"total":0,"unchecked":0,"uncheckedKeysByFile":[],"unmatched":0,"updated":0},"startTime":1671543120477,"success":true,"testResults":[{"assertionResults":[{"ancestorTitles":["test link group"],"failureMessages":[],"fullName":"test link group render empty link group","location":null,"status":"pending","title":"render empty link group"},{"ancestorTitles":["test link group"],"failureMessages":[],"fullName":"test link group render link group with required ariaLabel and Links","location":null,"status":"pending","title":"render link group with required ariaLabel and Links"},{"ancestorTitles":["test link group"],"failureMessages":[],"fullName":"test link group render link group with ariaLabel, Links, and Heading Prop","location":null,"status":"pending","title":"render link group with ariaLabel, Links, and Heading Prop"},{"ancestorTitles":["test link group"],"failureMessages":[],"fullName":"test link group render link group with ariaLabel, Links, and Heading and Level Props","location":null,"status":"pending","title":"render link group with ariaLabel, Links, and Heading and Level Props"},{"ancestorTitles":["test link group"],"failureMessages":[],"fullName":"test link group render link group with ariaLabel, Links, and Ordered Prop set True","location":null,"status":"pending","title":"render link group with ariaLabel, Links, and Ordered Prop set True"}],"endTime":1671543152578,"message":"","name":"/home/runner/work/kolibri/kolibri/packages/library/src/components/link-group/test/snapshot.spec.tsx","startTime":1671543122554,"status":"passed","summary":""},{"assertionResults":[{"ancestorTitles":["Test KolKolibri"],"failureMessages":[],"fullName":"Test KolKolibri render default","location":null,"status":"passed","title":"render default"},{"ancestorTitles":["Test KolKolibri"],"failureMessages":[],"fullName":"Test KolKolibri render animate","location":null,"status":"passed","title":"render animate"},{"ancestorTitles":["Test KolKolibri"],"failureMessages":[],"fullName":"Test KolKolibri render not labeled","location":null,"status":"passed","title":"render not labeled"}],"endTime":1671543153064,"message":"","name":"/home/runner/work/kolibri/kolibri/packages/library/src/components/kolibri/test/snapshot.spec.tsx","startTime":1671543122611,"status":"passed","summary":""},{"assertionResults":[{"ancestorTitles":["test Progress"],"failureMessages":[],"fullName":"test Progress render empty Progress","location":null,"status":"passed","title":"render empty Progress"},{"ancestorTitles":["test Progress"],"failureMessages":[],"fullName":"test Progress render Progress with required Max and Value Properties","location":null,"status":"passed","title":"render Progress with required Max and Value Properties"},{"ancestorTitles":["test Progress"],"failureMessages":[],"fullName":"test Progress render Progress with Max and Value Properties of equal value","location":null,"status":"passed","title":"render Progress with Max and Value Properties of equal value"},{"ancestorTitles":["test Progress"],"failureMessages":[],"fullName":"test Progress render Progress of Type Cycle","location":null,"status":"passed","title":"render Progress of Type Cycle"}],"endTime":1671543153234,"message":"","name":"/home/runner/work/kolibri/kolibri/packages/library/src/components/progress/test/snapshot.spec.tsx","startTime":1671543122565,"status":"passed","summary":""},{"assertionResults":[{"ancestorTitles":["Test SpanWc"],"failureMessages":[],"fullName":"Test SpanWc Test ","location":null,"status":"passed","title":"Test "},{"ancestorTitles":["Test SpanWc"],"failureMessages":[],"fullName":"Test SpanWc Test _icon: fa-solid fa-house","location":null,"status":"passed","title":"Test _icon: fa-solid fa-house"},{"ancestorTitles":["Test SpanWc"],"failureMessages":[],"fullName":"Test SpanWc Test _iconOnly: true","location":null,"status":"passed","title":"Test _iconOnly: true"},{"ancestorTitles":["Test SpanWc"],"failureMessages":[],"fullName":"Test SpanWc Test _icon: fa-solid fa-house, _iconOnly: true","location":null,"status":"passed","title":"Test _icon: fa-solid fa-house, _iconOnly: true"},{"ancestorTitles":["Test SpanWc"],"failureMessages":[],"fullName":"Test SpanWc Test _iconOnly: false","location":null,"status":"passed","title":"Test _iconOnly: false"},{"ancestorTitles":["Test SpanWc"],"failureMessages":[],"fullName":"Test SpanWc Test _icon: fa-solid fa-house, _iconOnly: false","location":null,"status":"passed","title":"Test _icon: fa-solid fa-house, _iconOnly: false"},{"ancestorTitles":["Test SpanWc"],"failureMessages":[],"fullName":"Test SpanWc Test _label: Text","location":null,"status":"passed","title":"Test _label: Text"},{"ancestorTitles":["Test SpanWc"],"failureMessages":[],"fullName":"Test SpanWc Test _icon: fa-solid fa-house, _label: Text","location":null,"status":"passed","title":"Test _icon: fa-solid fa-house, _label: Text"},{"ancestorTitles":["Test SpanWc"],"failureMessages":[],"fullName":"Test SpanWc Test _iconOnly: true, _label: Text","location":null,"status":"passed","title":"Test _iconOnly: true, _label: Text"},{"ancestorTitles":["Test SpanWc"],"failureMessages":[],"fullName":"Test SpanWc Test _icon: fa-solid fa-house, _iconOnly: true, _label: Text","location":null,"status":"passed","title":"Test _icon: fa-solid fa-house, _iconOnly: true, _label: Text"},{"ancestorTitles":["Test SpanWc"],"failureMessages":[],"fullName":"Test SpanWc Test _iconOnly: false, _label: Text","location":null,"status":"passed","title":"Test _iconOnly: false, _label: Text"},{"ancestorTitles":["Test SpanWc"],"failureMessages":[],"fullName":"Test SpanWc Test _icon: fa-solid fa-house, _iconOnly: false, _label: Text","location":null,"status":"passed","title":"Test _icon: fa-solid fa-house, _iconOnly: false, _label: Text"},{"ancestorTitles":["Test Span"],"failureMessages":[],"fullName":"Test Span Test ","location":null,"status":"passed","title":"Test "},{"ancestorTitles":["Test Span"],"failureMessages":[],"fullName":"Test Span Test _icon: fa-solid fa-house","location":null,"status":"passed","title":"Test _icon: fa-solid fa-house"},{"ancestorTitles":["Test Span"],"failureMessages":[],"fullName":"Test Span Test _iconOnly: true","location":null,"status":"passed","title":"Test _iconOnly: true"},{"ancestorTitles":["Test Span"],"failureMessages":[],"fullName":"Test Span Test _icon: fa-solid fa-house, _iconOnly: true","location":null,"status":"passed","title":"Test _icon: fa-solid fa-house, _iconOnly: true"},{"ancestorTitles":["Test Span"],"failureMessages":[],"fullName":"Test Span Test _iconOnly: false","location":null,"status":"passed","title":"Test _iconOnly: false"},{"ancestorTitles":["Test Span"],"failureMessages":[],"fullName":"Test Span Test _icon: fa-solid fa-house, _iconOnly: false","location":null,"status":"passed","title":"Test _icon: fa-solid fa-house, _iconOnly: false"},{"ancestorTitles":["Test Span"],"failureMessages":[],"fullName":"Test Span Test _label: Text","location":null,"status":"passed","title":"Test _label: Text"},{"ancestorTitles":["Test Span"],"failureMessages":[],"fullName":"Test Span Test _icon: fa-solid fa-house, _label: Text","location":null,"status":"passed","title":"Test _icon: fa-solid fa-house, _label: Text"},{"ancestorTitles":["Test Span"],"failureMessages":[],"fullName":"Test Span Test _iconOnly: true, _label: Text","location":null,"status":"passed","title":"Test _iconOnly: true, _label: Text"},{"ancestorTitles":["Test Span"],"failureMessages":[],"fullName":"Test Span Test _icon: fa-solid fa-house, _iconOnly: true, _label: Text","location":null,"status":"passed","title":"Test _icon: fa-solid fa-house, _iconOnly: true, _label: Text"},{"ancestorTitles":["Test Span"],"failureMessages":[],"fullName":"Test Span Test _iconOnly: false, _label: Text","location":null,"status":"passed","title":"Test _iconOnly: false, _label: Text"},{"ancestorTitles":["Test Span"],"failureMessages":[],"fullName":"Test Span Test _icon: fa-solid fa-house, _iconOnly: false, _label: Text","location":null,"status":"passed","title":"Test _icon: fa-solid fa-house, _iconOnly: false, _label: Text"}],"endTime":1671543154776,"message":"","name":"/home/runner/work/kolibri/kolibri/packages/library/src/components/span/test/snapshot.spec.tsx","startTime":1671543122701,"status":"passed","summary":""},{"assertionResults":[{"ancestorTitles":["Test Badge"],"failureMessages":[],"fullName":"Test Badge Test ","location":null,"status":"passed","title":"Test "},{"ancestorTitles":["Test Badge"],"failureMessages":[],"fullName":"Test Badge Test _color: #000000","location":null,"status":"passed","title":"Test _color: #000000"},{"ancestorTitles":["Test Badge"],"failureMessages":[],"fullName":"Test Badge Test _icon: fa-solid fa-house","location":null,"status":"passed","title":"Test _icon: fa-solid fa-house"},{"ancestorTitles":["Test Badge"],"failureMessages":[],"fullName":"Test Badge Test _color: #000000, _icon: fa-solid fa-house","location":null,"status":"passed","title":"Test _color: #000000, _icon: fa-solid fa-house"},{"ancestorTitles":["Test Badge"],"failureMessages":[],"fullName":"Test Badge Test _iconOnly: false","location":null,"status":"passed","title":"Test _iconOnly: false"},{"ancestorTitles":["Test Badge"],"failureMessages":[],"fullName":"Test Badge Test _color: #000000, _iconOnly: false","location":null,"status":"passed","title":"Test _color: #000000, _iconOnly: false"},{"ancestorTitles":["Test Badge"],"failureMessages":[],"fullName":"Test Badge Test _icon: fa-solid fa-house, _iconOnly: false","location":null,"status":"passed","title":"Test _icon: fa-solid fa-house, _iconOnly: false"},{"ancestorTitles":["Test Badge"],"failureMessages":[],"fullName":"Test Badge Test _color: #000000, _icon: fa-solid fa-house, _iconOnly: false","location":null,"status":"passed","title":"Test _color: #000000, _icon: fa-solid fa-house, _iconOnly: false"},{"ancestorTitles":["Test Badge"],"failureMessages":[],"fullName":"Test Badge Test _iconOnly: true","location":null,"status":"passed","title":"Test _iconOnly: true"},{"ancestorTitles":["Test Badge"],"failureMessages":[],"fullName":"Test Badge Test _color: #000000, _iconOnly: true","location":null,"status":"passed","title":"Test _color: #000000, _iconOnly: true"},{"ancestorTitles":["Test Badge"],"failureMessages":[],"fullName":"Test Badge Test _icon: fa-solid fa-house, _iconOnly: true","location":null,"status":"passed","title":"Test _icon: fa-solid fa-house, _iconOnly: true"},{"ancestorTitles":["Test Badge"],"failureMessages":[],"fullName":"Test Badge Test _color: #000000, _icon: fa-solid fa-house, _iconOnly: true","location":null,"status":"passed","title":"Test _color: #000000, _icon: fa-solid fa-house, _iconOnly: true"},{"ancestorTitles":["Test Badge"],"failureMessages":[],"fullName":"Test Badge Test _label: Text","location":null,"status":"passed","title":"Test _label: Text"},{"ancestorTitles":["Test Badge"],"failureMessages":[],"fullName":"Test Badge Test _color: #000000, _label: Text","location":null,"status":"passed","title":"Test _color: #000000, _label: Text"},{"ancestorTitles":["Test Badge"],"failureMessages":[],"fullName":"Test Badge Test _icon: fa-solid fa-house, _label: Text","location":null,"status":"passed","title":"Test _icon: fa-solid fa-house, _label: Text"},{"ancestorTitles":["Test Badge"],"failureMessages":[],"fullName":"Test Badge Test _color: #000000, _icon: fa-solid fa-house, _label: Text","location":null,"status":"passed","title":"Test _color: #000000, _icon: fa-solid fa-house, _label: Text"},{"ancestorTitles":["Test Badge"],"failureMessages":[],"fullName":"Test Badge Test _iconOnly: false, _label: Text","location":null,"status":"passed","title":"Test _iconOnly: false, _label: Text"},{"ancestorTitles":["Test Badge"],"failureMessages":[],"fullName":"Test Badge Test _color: #000000, _iconOnly: false, _label: Text","location":null,"status":"passed","title":"Test _color: #000000, _iconOnly: false, _label: Text"},{"ancestorTitles":["Test Badge"],"failureMessages":[],"fullName":"Test Badge Test _icon: fa-solid fa-house, _iconOnly: false, _label: Text","location":null,"status":"passed","title":"Test _icon: fa-solid fa-house, _iconOnly: false, _label: Text"},{"ancestorTitles":["Test Badge"],"failureMessages":[],"fullName":"Test Badge Test _color: #000000, _icon: fa-solid fa-house, _iconOnly: false, _label: Text","location":null,"status":"passed","title":"Test _color: #000000, _icon: fa-solid fa-house, _iconOnly: false, _label: Text"},{"ancestorTitles":["Test Badge"],"failureMessages":[],"fullName":"Test Badge Test _iconOnly: true, _label: Text","location":null,"status":"passed","title":"Test _iconOnly: true, _label: Text"},{"ancestorTitles":["Test Badge"],"failureMessages":[],"fullName":"Test Badge Test _color: #000000, _iconOnly: true, _label: Text","location":null,"status":"passed","title":"Test _color: #000000, _iconOnly: true, _label: Text"},{"ancestorTitles":["Test Badge"],"failureMessages":[],"fullName":"Test Badge Test _icon: fa-solid fa-house, _iconOnly: true, _label: Text","location":null,"status":"passed","title":"Test _icon: fa-solid fa-house, _iconOnly: true, _label: Text"},{"ancestorTitles":["Test Badge"],"failureMessages":[],"fullName":"Test Badge Test _color: #000000, _icon: fa-solid fa-house, _iconOnly: true, _label: Text","location":null,"status":"passed","title":"Test _color: #000000, _icon: fa-solid fa-house, _iconOnly: true, _label: Text"}],"endTime":1671543155644,"message":"","name":"/home/runner/work/kolibri/kolibri/packages/library/src/components/badge/test/snapshot.spec.tsx","startTime":1671543122749,"status":"passed","summary":""},{"assertionResults":[{"ancestorTitles":["Test Breadcrumb"],"failureMessages":[],"fullName":"Test Breadcrumb Test ","location":null,"status":"passed","title":"Test "},{"ancestorTitles":["Test Breadcrumb"],"failureMessages":[],"fullName":"Test Breadcrumb Test _ariaLabel: Aria-Label","location":null,"status":"passed","title":"Test _ariaLabel: Aria-Label"},{"ancestorTitles":["Test Breadcrumb"],"failureMessages":[],"fullName":"Test Breadcrumb Test _links: ","location":null,"status":"passed","title":"Test _links: "},{"ancestorTitles":["Test Breadcrumb"],"failureMessages":[],"fullName":"Test Breadcrumb Test _ariaLabel: Aria-Label, _links: ","location":null,"status":"passed","title":"Test _ariaLabel: Aria-Label, _links: "},{"ancestorTitles":["Test Breadcrumb"],"failureMessages":[],"fullName":"Test Breadcrumb Test _links: [object Object]","location":null,"status":"passed","title":"Test _links: [object Object]"},{"ancestorTitles":["Test Breadcrumb"],"failureMessages":[],"fullName":"Test Breadcrumb Test _ariaLabel: Aria-Label, _links: [object Object]","location":null,"status":"passed","title":"Test _ariaLabel: Aria-Label, _links: [object Object]"}],"endTime":1671543157154,"message":"","name":"/home/runner/work/kolibri/kolibri/packages/library/src/components/breadcrumb/test/snapshot.spec.tsx","startTime":1671543153270,"status":"passed","summary":""},{"assertionResults":[{"ancestorTitles":["Test Tooltip"],"failureMessages":[],"fullName":"Test Tooltip Test ","location":null,"status":"passed","title":"Test "},{"ancestorTitles":["Test Tooltip"],"failureMessages":[],"fullName":"Test Tooltip Test _align: top","location":null,"status":"passed","title":"Test _align: top"},{"ancestorTitles":["Test Tooltip"],"failureMessages":[],"fullName":"Test Tooltip Test _align: right","location":null,"status":"passed","title":"Test _align: right"},{"ancestorTitles":["Test Tooltip"],"failureMessages":[],"fullName":"Test Tooltip Test _align: bottom","location":null,"status":"passed","title":"Test _align: bottom"},{"ancestorTitles":["Test Tooltip"],"failureMessages":[],"fullName":"Test Tooltip Test _align: left","location":null,"status":"passed","title":"Test _align: left"},{"ancestorTitles":["Test Tooltip"],"failureMessages":[],"fullName":"Test Tooltip Test _id: id","location":null,"status":"passed","title":"Test _id: id"},{"ancestorTitles":["Test Tooltip"],"failureMessages":[],"fullName":"Test Tooltip Test _align: top, _id: id","location":null,"status":"passed","title":"Test _align: top, _id: id"},{"ancestorTitles":["Test Tooltip"],"failureMessages":[],"fullName":"Test Tooltip Test _align: right, _id: id","location":null,"status":"passed","title":"Test _align: right, _id: id"},{"ancestorTitles":["Test Tooltip"],"failureMessages":[],"fullName":"Test Tooltip Test _align: bottom, _id: id","location":null,"status":"passed","title":"Test _align: bottom, _id: id"},{"ancestorTitles":["Test Tooltip"],"failureMessages":[],"fullName":"Test Tooltip Test _align: left, _id: id","location":null,"status":"passed","title":"Test _align: left, _id: id"},{"ancestorTitles":["Test Tooltip"],"failureMessages":[],"fullName":"Test Tooltip Test _label: Label","location":null,"status":"passed","title":"Test _label: Label"},{"ancestorTitles":["Test Tooltip"],"failureMessages":[],"fullName":"Test Tooltip Test _align: top, _label: Label","location":null,"status":"passed","title":"Test _align: top, _label: Label"},{"ancestorTitles":["Test Tooltip"],"failureMessages":[],"fullName":"Test Tooltip Test _align: right, _label: Label","location":null,"status":"passed","title":"Test _align: right, _label: Label"},{"ancestorTitles":["Test Tooltip"],"failureMessages":[],"fullName":"Test Tooltip Test _align: bottom, _label: Label","location":null,"status":"passed","title":"Test _align: bottom, _label: Label"},{"ancestorTitles":["Test Tooltip"],"failureMessages":[],"fullName":"Test Tooltip Test _align: left, _label: Label","location":null,"status":"passed","title":"Test _align: left, _label: Label"},{"ancestorTitles":["Test Tooltip"],"failureMessages":[],"fullName":"Test Tooltip Test _id: id, _label: Label","location":null,"status":"passed","title":"Test _id: id, _label: Label"},{"ancestorTitles":["Test Tooltip"],"failureMessages":[],"fullName":"Test Tooltip Test _align: top, _id: id, _label: Label","location":null,"status":"passed","title":"Test _align: top, _id: id, _label: Label"},{"ancestorTitles":["Test Tooltip"],"failureMessages":[],"fullName":"Test Tooltip Test _align: right, _id: id, _label: Label","location":null,"status":"passed","title":"Test _align: right, _id: id, _label: Label"},{"ancestorTitles":["Test Tooltip"],"failureMessages":[],"fullName":"Test Tooltip Test _align: bottom, _id: id, _label: Label","location":null,"status":"passed","title":"Test _align: bottom, _id: id, _label: Label"},{"ancestorTitles":["Test Tooltip"],"failureMessages":[],"fullName":"Test Tooltip Test _align: left, _id: id, _label: Label","location":null,"status":"passed","title":"Test _align: left, _id: id, _label: Label"}],"endTime":1671543158116,"message":"","name":"/home/runner/work/kolibri/kolibri/packages/library/src/components/tooltip/test/snapshot.spec.tsx","startTime":1671543153106,"status":"passed","summary":""},{"assertionResults":[{"ancestorTitles":["Test Accordion"],"failureMessages":[],"fullName":"Test Accordion Test ","location":null,"status":"passed","title":"Test "},{"ancestorTitles":["Test Accordion"],"failureMessages":[],"fullName":"Test Accordion Test _heading: Überschrift","location":null,"status":"passed","title":"Test _heading: Überschrift"},{"ancestorTitles":["Test Accordion"],"failureMessages":[],"fullName":"Test Accordion Test _level: 1","location":null,"status":"passed","title":"Test _level: 1"},{"ancestorTitles":["Test Accordion"],"failureMessages":[],"fullName":"Test Accordion Test _heading: Überschrift, _level: 1","location":null,"status":"passed","title":"Test _heading: Überschrift, _level: 1"},{"ancestorTitles":["Test Accordion"],"failureMessages":[],"fullName":"Test Accordion Test _level: 2","location":null,"status":"passed","title":"Test _level: 2"},{"ancestorTitles":["Test Accordion"],"failureMessages":[],"fullName":"Test Accordion Test _heading: Überschrift, _level: 2","location":null,"status":"passed","title":"Test _heading: Überschrift, _level: 2"},{"ancestorTitles":["Test Accordion"],"failureMessages":[],"fullName":"Test Accordion Test _level: 3","location":null,"status":"passed","title":"Test _level: 3"},{"ancestorTitles":["Test Accordion"],"failureMessages":[],"fullName":"Test Accordion Test _heading: Überschrift, _level: 3","location":null,"status":"passed","title":"Test _heading: Überschrift, _level: 3"},{"ancestorTitles":["Test Accordion"],"failureMessages":[],"fullName":"Test Accordion Test _level: 4","location":null,"status":"passed","title":"Test _level: 4"},{"ancestorTitles":["Test Accordion"],"failureMessages":[],"fullName":"Test Accordion Test _heading: Überschrift, _level: 4","location":null,"status":"passed","title":"Test _heading: Überschrift, _level: 4"},{"ancestorTitles":["Test Accordion"],"failureMessages":[],"fullName":"Test Accordion Test _level: 5","location":null,"status":"passed","title":"Test _level: 5"},{"ancestorTitles":["Test Accordion"],"failureMessages":[],"fullName":"Test Accordion Test _heading: Überschrift, _level: 5","location":null,"status":"passed","title":"Test _heading: Überschrift, _level: 5"},{"ancestorTitles":["Test Accordion"],"failureMessages":[],"fullName":"Test Accordion Test _level: 6","location":null,"status":"passed","title":"Test _level: 6"},{"ancestorTitles":["Test Accordion"],"failureMessages":[],"fullName":"Test Accordion Test _heading: Überschrift, _level: 6","location":null,"status":"passed","title":"Test _heading: Überschrift, _level: 6"},{"ancestorTitles":["Test Accordion"],"failureMessages":[],"fullName":"Test Accordion Test _open: true","location":null,"status":"passed","title":"Test _open: true"},{"ancestorTitles":["Test Accordion"],"failureMessages":[],"fullName":"Test Accordion Test _heading: Überschrift, _open: true","location":null,"status":"passed","title":"Test _heading: Überschrift, _open: true"},{"ancestorTitles":["Test Accordion"],"failureMessages":[],"fullName":"Test Accordion Test _level: 1, _open: true","location":null,"status":"passed","title":"Test _level: 1, _open: true"},{"ancestorTitles":["Test Accordion"],"failureMessages":[],"fullName":"Test Accordion Test _heading: Überschrift, _level: 1, _open: true","location":null,"status":"passed","title":"Test _heading: Überschrift, _level: 1, _open: true"},{"ancestorTitles":["Test Accordion"],"failureMessages":[],"fullName":"Test Accordion Test _level: 2, _open: true","location":null,"status":"passed","title":"Test _level: 2, _open: true"},{"ancestorTitles":["Test Accordion"],"failureMessages":[],"fullName":"Test Accordion Test _heading: Überschrift, _level: 2, _open: true","location":null,"status":"passed","title":"Test _heading: Überschrift, _level: 2, _open: true"},{"ancestorTitles":["Test Accordion"],"failureMessages":[],"fullName":"Test Accordion Test _level: 3, _open: true","location":null,"status":"passed","title":"Test _level: 3, _open: true"},{"ancestorTitles":["Test Accordion"],"failureMessages":[],"fullName":"Test Accordion Test _heading: Überschrift, _level: 3, _open: true","location":null,"status":"passed","title":"Test _heading: Überschrift, _level: 3, _open: true"},{"ancestorTitles":["Test Accordion"],"failureMessages":[],"fullName":"Test Accordion Test _level: 4, _open: true","location":null,"status":"passed","title":"Test _level: 4, _open: true"},{"ancestorTitles":["Test Accordion"],"failureMessages":[],"fullName":"Test Accordion Test _heading: Überschrift, _level: 4, _open: true","location":null,"status":"passed","title":"Test _heading: Überschrift, _level: 4, _open: true"},{"ancestorTitles":["Test Accordion"],"failureMessages":[],"fullName":"Test Accordion Test _level: 5, _open: true","location":null,"status":"passed","title":"Test _level: 5, _open: true"},{"ancestorTitles":["Test Accordion"],"failureMessages":[],"fullName":"Test Accordion Test _heading: Überschrift, _level: 5, _open: true","location":null,"status":"passed","title":"Test _heading: Überschrift, _level: 5, _open: true"},{"ancestorTitles":["Test Accordion"],"failureMessages":[],"fullName":"Test Accordion Test _level: 6, _open: true","location":null,"status":"passed","title":"Test _level: 6, _open: true"},{"ancestorTitles":["Test Accordion"],"failureMessages":[],"fullName":"Test Accordion Test _heading: Überschrift, _level: 6, _open: true","location":null,"status":"passed","title":"Test _heading: Überschrift, _level: 6, _open: true"},{"ancestorTitles":["Test Accordion"],"failureMessages":[],"fullName":"Test Accordion Test _open: false","location":null,"status":"passed","title":"Test _open: false"},{"ancestorTitles":["Test Accordion"],"failureMessages":[],"fullName":"Test Accordion Test _heading: Überschrift, _open: false","location":null,"status":"passed","title":"Test _heading: Überschrift, _open: false"},{"ancestorTitles":["Test Accordion"],"failureMessages":[],"fullName":"Test Accordion Test _level: 1, _open: false","location":null,"status":"passed","title":"Test _level: 1, _open: false"},{"ancestorTitles":["Test Accordion"],"failureMessages":[],"fullName":"Test Accordion Test _heading: Überschrift, _level: 1, _open: false","location":null,"status":"passed","title":"Test _heading: Überschrift, _level: 1, _open: false"},{"ancestorTitles":["Test Accordion"],"failureMessages":[],"fullName":"Test Accordion Test _level: 2, _open: false","location":null,"status":"passed","title":"Test _level: 2, _open: false"},{"ancestorTitles":["Test Accordion"],"failureMessages":[],"fullName":"Test Accordion Test _heading: Überschrift, _level: 2, _open: false","location":null,"status":"passed","title":"Test _heading: Überschrift, _level: 2, _open: false"},{"ancestorTitles":["Test Accordion"],"failureMessages":[],"fullName":"Test Accordion Test _level: 3, _open: false","location":null,"status":"passed","title":"Test _level: 3, _open: false"},{"ancestorTitles":["Test Accordion"],"failureMessages":[],"fullName":"Test Accordion Test _heading: Überschrift, _level: 3, _open: false","location":null,"status":"passed","title":"Test _heading: Überschrift, _level: 3, _open: false"},{"ancestorTitles":["Test Accordion"],"failureMessages":[],"fullName":"Test Accordion Test _level: 4, _open: false","location":null,"status":"passed","title":"Test _level: 4, _open: false"},{"ancestorTitles":["Test Accordion"],"failureMessages":[],"fullName":"Test Accordion Test _heading: Überschrift, _level: 4, _open: false","location":null,"status":"passed","title":"Test _heading: Überschrift, _level: 4, _open: false"},{"ancestorTitles":["Test Accordion"],"failureMessages":[],"fullName":"Test Accordion Test _level: 5, _open: false","location":null,"status":"passed","title":"Test _level: 5, _open: false"},{"ancestorTitles":["Test Accordion"],"failureMessages":[],"fullName":"Test Accordion Test _heading: Überschrift, _level: 5, _open: false","location":null,"status":"passed","title":"Test _heading: Überschrift, _level: 5, _open: false"},{"ancestorTitles":["Test Accordion"],"failureMessages":[],"fullName":"Test Accordion Test _level: 6, _open: false","location":null,"status":"passed","title":"Test _level: 6, _open: false"},{"ancestorTitles":["Test Accordion"],"failureMessages":[],"fullName":"Test Accordion Test _heading: Überschrift, _level: 6, _open: false","location":null,"status":"passed","title":"Test _heading: Überschrift, _level: 6, _open: false"}],"endTime":1671543159477,"message":"","name":"/home/runner/work/kolibri/kolibri/packages/library/src/components/accordion/test/snapshot.spec.tsx","startTime":1671543152621,"status":"passed","summary":""},{"assertionResults":[{"ancestorTitles":["Test Icon"],"failureMessages":[],"fullName":"Test Icon Test ","location":null,"status":"passed","title":"Test "},{"ancestorTitles":["Test Icon"],"failureMessages":[],"fullName":"Test Icon Test _ariaLabel: Aria-Label","location":null,"status":"passed","title":"Test _ariaLabel: Aria-Label"},{"ancestorTitles":["Test Icon"],"failureMessages":[],"fullName":"Test Icon Test _icon: fa-solid fa-house","location":null,"status":"passed","title":"Test _icon: fa-solid fa-house"},{"ancestorTitles":["Test Icon"],"failureMessages":[],"fullName":"Test Icon Test _ariaLabel: Aria-Label, _icon: fa-solid fa-house","location":null,"status":"passed","title":"Test _ariaLabel: Aria-Label, _icon: fa-solid fa-house"},{"ancestorTitles":["Test Icon"],"failureMessages":[],"fullName":"Test Icon Test _part: part-key","location":null,"status":"passed","title":"Test _part: part-key"},{"ancestorTitles":["Test Icon"],"failureMessages":[],"fullName":"Test Icon Test _ariaLabel: Aria-Label, _part: part-key","location":null,"status":"passed","title":"Test _ariaLabel: Aria-Label, _part: part-key"},{"ancestorTitles":["Test Icon"],"failureMessages":[],"fullName":"Test Icon Test _icon: fa-solid fa-house, _part: part-key","location":null,"status":"passed","title":"Test _icon: fa-solid fa-house, _part: part-key"},{"ancestorTitles":["Test Icon"],"failureMessages":[],"fullName":"Test Icon Test _ariaLabel: Aria-Label, _icon: fa-solid fa-house, _part: part-key","location":null,"status":"passed","title":"Test _ariaLabel: Aria-Label, _icon: fa-solid fa-house, _part: part-key"}],"endTime":1671543159530,"message":"","name":"/home/runner/work/kolibri/kolibri/packages/library/src/components/icon/test/snapshot.spec.tsx","startTime":1671543155657,"status":"passed","summary":""},{"assertionResults":[{"ancestorTitles":["Test Abbr"],"failureMessages":[],"fullName":"Test Abbr Test ","location":null,"status":"passed","title":"Test "},{"ancestorTitles":["Test Abbr"],"failureMessages":[],"fullName":"Test Abbr Test _title: Text","location":null,"status":"passed","title":"Test _title: Text"},{"ancestorTitles":["Test Abbr"],"failureMessages":[],"fullName":"Test Abbr Test _tooltipAlign: left","location":null,"status":"passed","title":"Test _tooltipAlign: left"},{"ancestorTitles":["Test Abbr"],"failureMessages":[],"fullName":"Test Abbr Test _title: Text, _tooltipAlign: left","location":null,"status":"passed","title":"Test _title: Text, _tooltipAlign: left"},{"ancestorTitles":["Test Abbr"],"failureMessages":[],"fullName":"Test Abbr Test _tooltipAlign: bottom","location":null,"status":"passed","title":"Test _tooltipAlign: bottom"},{"ancestorTitles":["Test Abbr"],"failureMessages":[],"fullName":"Test Abbr Test _title: Text, _tooltipAlign: bottom","location":null,"status":"passed","title":"Test _title: Text, _tooltipAlign: bottom"},{"ancestorTitles":["Test Abbr"],"failureMessages":[],"fullName":"Test Abbr Test _tooltipAlign: right","location":null,"status":"passed","title":"Test _tooltipAlign: right"},{"ancestorTitles":["Test Abbr"],"failureMessages":[],"fullName":"Test Abbr Test _title: Text, _tooltipAlign: right","location":null,"status":"passed","title":"Test _title: Text, _tooltipAlign: right"},{"ancestorTitles":["Test Abbr"],"failureMessages":[],"fullName":"Test Abbr Test _tooltipAlign: top","location":null,"status":"passed","title":"Test _tooltipAlign: top"},{"ancestorTitles":["Test Abbr"],"failureMessages":[],"fullName":"Test Abbr Test _title: Text, _tooltipAlign: top","location":null,"status":"passed","title":"Test _title: Text, _tooltipAlign: top"}],"endTime":1671543161319,"message":"","name":"/home/runner/work/kolibri/kolibri/packages/library/src/components/abbr/test/snapshot.spec.tsx","startTime":1671543157188,"status":"passed","summary":""},{"assertionResults":[{"ancestorTitles":["Test Card"],"failureMessages":[],"fullName":"Test Card Test ","location":null,"status":"passed","title":"Test "},{"ancestorTitles":["Test Card"],"failureMessages":[],"fullName":"Test Card Test _heading: Überschrift","location":null,"status":"passed","title":"Test _heading: Überschrift"},{"ancestorTitles":["Test Card"],"failureMessages":[],"fullName":"Test Card Test _level: 1","location":null,"status":"passed","title":"Test _level: 1"},{"ancestorTitles":["Test Card"],"failureMessages":[],"fullName":"Test Card Test _heading: Überschrift, _level: 1","location":null,"status":"passed","title":"Test _heading: Überschrift, _level: 1"},{"ancestorTitles":["Test Card"],"failureMessages":[],"fullName":"Test Card Test _level: 2","location":null,"status":"passed","title":"Test _level: 2"},{"ancestorTitles":["Test Card"],"failureMessages":[],"fullName":"Test Card Test _heading: Überschrift, _level: 2","location":null,"status":"passed","title":"Test _heading: Überschrift, _level: 2"},{"ancestorTitles":["Test Card"],"failureMessages":[],"fullName":"Test Card Test _level: 3","location":null,"status":"passed","title":"Test _level: 3"},{"ancestorTitles":["Test Card"],"failureMessages":[],"fullName":"Test Card Test _heading: Überschrift, _level: 3","location":null,"status":"passed","title":"Test _heading: Überschrift, _level: 3"},{"ancestorTitles":["Test Card"],"failureMessages":[],"fullName":"Test Card Test _level: 4","location":null,"status":"passed","title":"Test _level: 4"},{"ancestorTitles":["Test Card"],"failureMessages":[],"fullName":"Test Card Test _heading: Überschrift, _level: 4","location":null,"status":"passed","title":"Test _heading: Überschrift, _level: 4"},{"ancestorTitles":["Test Card"],"failureMessages":[],"fullName":"Test Card Test _level: 5","location":null,"status":"passed","title":"Test _level: 5"},{"ancestorTitles":["Test Card"],"failureMessages":[],"fullName":"Test Card Test _heading: Überschrift, _level: 5","location":null,"status":"passed","title":"Test _heading: Überschrift, _level: 5"},{"ancestorTitles":["Test Card"],"failureMessages":[],"fullName":"Test Card Test _level: 6","location":null,"status":"passed","title":"Test _level: 6"},{"ancestorTitles":["Test Card"],"failureMessages":[],"fullName":"Test Card Test _heading: Überschrift, _level: 6","location":null,"status":"passed","title":"Test _heading: Überschrift, _level: 6"},{"ancestorTitles":["Test Card"],"failureMessages":[],"fullName":"Test Card Test _hasFooter: false","location":null,"status":"passed","title":"Test _hasFooter: false"},{"ancestorTitles":["Test Card"],"failureMessages":[],"fullName":"Test Card Test _heading: Überschrift, _hasFooter: false","location":null,"status":"passed","title":"Test _heading: Überschrift, _hasFooter: false"},{"ancestorTitles":["Test Card"],"failureMessages":[],"fullName":"Test Card Test _level: 1, _hasFooter: false","location":null,"status":"passed","title":"Test _level: 1, _hasFooter: false"},{"ancestorTitles":["Test Card"],"failureMessages":[],"fullName":"Test Card Test _heading: Überschrift, _level: 1, _hasFooter: false","location":null,"status":"passed","title":"Test _heading: Überschrift, _level: 1, _hasFooter: false"},{"ancestorTitles":["Test Card"],"failureMessages":[],"fullName":"Test Card Test _level: 2, _hasFooter: false","location":null,"status":"passed","title":"Test _level: 2, _hasFooter: false"},{"ancestorTitles":["Test Card"],"failureMessages":[],"fullName":"Test Card Test _heading: Überschrift, _level: 2, _hasFooter: false","location":null,"status":"passed","title":"Test _heading: Überschrift, _level: 2, _hasFooter: false"},{"ancestorTitles":["Test Card"],"failureMessages":[],"fullName":"Test Card Test _level: 3, _hasFooter: false","location":null,"status":"passed","title":"Test _level: 3, _hasFooter: false"},{"ancestorTitles":["Test Card"],"failureMessages":[],"fullName":"Test Card Test _heading: Überschrift, _level: 3, _hasFooter: false","location":null,"status":"passed","title":"Test _heading: Überschrift, _level: 3, _hasFooter: false"},{"ancestorTitles":["Test Card"],"failureMessages":[],"fullName":"Test Card Test _level: 4, _hasFooter: false","location":null,"status":"passed","title":"Test _level: 4, _hasFooter: false"},{"ancestorTitles":["Test Card"],"failureMessages":[],"fullName":"Test Card Test _heading: Überschrift, _level: 4, _hasFooter: false","location":null,"status":"passed","title":"Test _heading: Überschrift, _level: 4, _hasFooter: false"},{"ancestorTitles":["Test Card"],"failureMessages":[],"fullName":"Test Card Test _level: 5, _hasFooter: false","location":null,"status":"passed","title":"Test _level: 5, _hasFooter: false"},{"ancestorTitles":["Test Card"],"failureMessages":[],"fullName":"Test Card Test _heading: Überschrift, _level: 5, _hasFooter: false","location":null,"status":"passed","title":"Test _heading: Überschrift, _level: 5, _hasFooter: false"},{"ancestorTitles":["Test Card"],"failureMessages":[],"fullName":"Test Card Test _level: 6, _hasFooter: false","location":null,"status":"passed","title":"Test _level: 6, _hasFooter: false"},{"ancestorTitles":["Test Card"],"failureMessages":[],"fullName":"Test Card Test _heading: Überschrift, _level: 6, _hasFooter: false","location":null,"status":"passed","title":"Test _heading: Überschrift, _level: 6, _hasFooter: false"},{"ancestorTitles":["Test Card"],"failureMessages":[],"fullName":"Test Card Test _hasFooter: true","location":null,"status":"passed","title":"Test _hasFooter: true"},{"ancestorTitles":["Test Card"],"failureMessages":[],"fullName":"Test Card Test _heading: Überschrift, _hasFooter: true","location":null,"status":"passed","title":"Test _heading: Überschrift, _hasFooter: true"},{"ancestorTitles":["Test Card"],"failureMessages":[],"fullName":"Test Card Test _level: 1, _hasFooter: true","location":null,"status":"passed","title":"Test _level: 1, _hasFooter: true"},{"ancestorTitles":["Test Card"],"failureMessages":[],"fullName":"Test Card Test _heading: Überschrift, _level: 1, _hasFooter: true","location":null,"status":"passed","title":"Test _heading: Überschrift, _level: 1, _hasFooter: true"},{"ancestorTitles":["Test Card"],"failureMessages":[],"fullName":"Test Card Test _level: 2, _hasFooter: true","location":null,"status":"passed","title":"Test _level: 2, _hasFooter: true"},{"ancestorTitles":["Test Card"],"failureMessages":[],"fullName":"Test Card Test _heading: Überschrift, _level: 2, _hasFooter: true","location":null,"status":"passed","title":"Test _heading: Überschrift, _level: 2, _hasFooter: true"},{"ancestorTitles":["Test Card"],"failureMessages":[],"fullName":"Test Card Test _level: 3, _hasFooter: true","location":null,"status":"passed","title":"Test _level: 3, _hasFooter: true"},{"ancestorTitles":["Test Card"],"failureMessages":[],"fullName":"Test Card Test _heading: Überschrift, _level: 3, _hasFooter: true","location":null,"status":"passed","title":"Test _heading: Überschrift, _level: 3, _hasFooter: true"},{"ancestorTitles":["Test Card"],"failureMessages":[],"fullName":"Test Card Test _level: 4, _hasFooter: true","location":null,"status":"passed","title":"Test _level: 4, _hasFooter: true"},{"ancestorTitles":["Test Card"],"failureMessages":[],"fullName":"Test Card Test _heading: Überschrift, _level: 4, _hasFooter: true","location":null,"status":"passed","title":"Test _heading: Überschrift, _level: 4, _hasFooter: true"},{"ancestorTitles":["Test Card"],"failureMessages":[],"fullName":"Test Card Test _level: 5, _hasFooter: true","location":null,"status":"passed","title":"Test _level: 5, _hasFooter: true"},{"ancestorTitles":["Test Card"],"failureMessages":[],"fullName":"Test Card Test _heading: Überschrift, _level: 5, _hasFooter: true","location":null,"status":"passed","title":"Test _heading: Überschrift, _level: 5, _hasFooter: true"},{"ancestorTitles":["Test Card"],"failureMessages":[],"fullName":"Test Card Test _level: 6, _hasFooter: true","location":null,"status":"passed","title":"Test _level: 6, _hasFooter: true"},{"ancestorTitles":["Test Card"],"failureMessages":[],"fullName":"Test Card Test _heading: Überschrift, _level: 6, _hasFooter: true","location":null,"status":"passed","title":"Test _heading: Überschrift, _level: 6, _hasFooter: true"}],"endTime":1671543161425,"message":"","name":"/home/runner/work/kolibri/kolibri/packages/library/src/components/card/test/snapshot.spec.tsx","startTime":1671543154821,"status":"passed","summary":""},{"assertionResults":[{"ancestorTitles":["Test Symbol"],"failureMessages":[],"fullName":"Test Symbol Test ","location":null,"status":"passed","title":"Test "},{"ancestorTitles":["Test Symbol"],"failureMessages":[],"fullName":"Test Symbol Test _ariaLabel: Slash","location":null,"status":"passed","title":"Test _ariaLabel: Slash"},{"ancestorTitles":["Test Symbol"],"failureMessages":[],"fullName":"Test Symbol Test _ariaLabel: Backslash","location":null,"status":"passed","title":"Test _ariaLabel: Backslash"},{"ancestorTitles":["Test Symbol"],"failureMessages":[],"fullName":"Test Symbol Test _symbol: /","location":null,"status":"passed","title":"Test _symbol: /"},{"ancestorTitles":["Test Symbol"],"failureMessages":[],"fullName":"Test Symbol Test _ariaLabel: Slash, _symbol: /","location":null,"status":"passed","title":"Test _ariaLabel: Slash, _symbol: /"},{"ancestorTitles":["Test Symbol"],"failureMessages":[],"fullName":"Test Symbol Test _ariaLabel: Backslash, _symbol: /","location":null,"status":"passed","title":"Test _ariaLabel: Backslash, _symbol: /"},{"ancestorTitles":["Test Symbol"],"failureMessages":[],"fullName":"Test Symbol Test _symbol: \\","location":null,"status":"passed","title":"Test _symbol: \\"},{"ancestorTitles":["Test Symbol"],"failureMessages":[],"fullName":"Test Symbol Test _ariaLabel: Slash, _symbol: \\","location":null,"status":"passed","title":"Test _ariaLabel: Slash, _symbol: \\"},{"ancestorTitles":["Test Symbol"],"failureMessages":[],"fullName":"Test Symbol Test _ariaLabel: Backslash, _symbol: \\","location":null,"status":"passed","title":"Test _ariaLabel: Backslash, _symbol: \\"}],"endTime":1671543162284,"message":"","name":"/home/runner/work/kolibri/kolibri/packages/library/src/components/symbol/test/snapshot.spec.tsx","startTime":1671543158137,"status":"passed","summary":""},{"assertionResults":[{"ancestorTitles":["Test Details"],"failureMessages":[],"fullName":"Test Details Test ","location":null,"status":"passed","title":"Test "},{"ancestorTitles":["Test Details"],"failureMessages":[],"fullName":"Test Details Test _summary: Zusammenfassung","location":null,"status":"passed","title":"Test _summary: Zusammenfassung"},{"ancestorTitles":["Test Details"],"failureMessages":[],"fullName":"Test Details Test _open: false","location":null,"status":"passed","title":"Test _open: false"},{"ancestorTitles":["Test Details"],"failureMessages":[],"fullName":"Test Details Test _summary: Zusammenfassung, _open: false","location":null,"status":"passed","title":"Test _summary: Zusammenfassung, _open: false"},{"ancestorTitles":["Test Details"],"failureMessages":[],"fullName":"Test Details Test _open: true","location":null,"status":"passed","title":"Test _open: true"},{"ancestorTitles":["Test Details"],"failureMessages":[],"fullName":"Test Details Test _summary: Zusammenfassung, _open: true","location":null,"status":"passed","title":"Test _summary: Zusammenfassung, _open: true"}],"endTime":1671543163081,"message":"","name":"/home/runner/work/kolibri/kolibri/packages/library/src/components/details/test/snapshot.spec.tsx","startTime":1671543159496,"status":"passed","summary":""},{"assertionResults":[{"ancestorTitles":["Test Heading"],"failureMessages":[],"fullName":"Test Heading Test ","location":null,"status":"passed","title":"Test "},{"ancestorTitles":["Test Heading"],"failureMessages":[],"fullName":"Test Heading Test _level: 1","location":null,"status":"passed","title":"Test _level: 1"},{"ancestorTitles":["Test Heading"],"failureMessages":[],"fullName":"Test Heading Test _level: 2","location":null,"status":"passed","title":"Test _level: 2"},{"ancestorTitles":["Test Heading"],"failureMessages":[],"fullName":"Test Heading Test _level: 3","location":null,"status":"passed","title":"Test _level: 3"},{"ancestorTitles":["Test Heading"],"failureMessages":[],"fullName":"Test Heading Test _level: 4","location":null,"status":"passed","title":"Test _level: 4"},{"ancestorTitles":["Test Heading"],"failureMessages":[],"fullName":"Test Heading Test _level: 5","location":null,"status":"passed","title":"Test _level: 5"},{"ancestorTitles":["Test Heading"],"failureMessages":[],"fullName":"Test Heading Test _level: 6","location":null,"status":"passed","title":"Test _level: 6"}],"endTime":1671543163144,"message":"","name":"/home/runner/work/kolibri/kolibri/packages/library/src/components/heading/test/snapshot.spec.tsx","startTime":1671543159548,"status":"passed","summary":""},{"assertionResults":[{"ancestorTitles":["Test Version"],"failureMessages":[],"fullName":"Test Version Test ","location":null,"status":"passed","title":"Test "},{"ancestorTitles":["Test Version"],"failureMessages":[],"fullName":"Test Version Test _version: 1.0.0","location":null,"status":"passed","title":"Test _version: 1.0.0"}],"endTime":1671543164382,"message":"","name":"/home/runner/work/kolibri/kolibri/packages/library/src/components/version/test/snapshot.spec.tsx","startTime":1671543161340,"status":"passed","summary":""},{"assertionResults":[{"ancestorTitles":["Test Heading"],"failureMessages":[],"fullName":"Test Heading Test ","location":null,"status":"passed","title":"Test "}],"endTime":1671543164546,"message":"","name":"/home/runner/work/kolibri/kolibri/packages/library/src/components/indented-text/test/snapshot.spec.tsx","startTime":1671543161444,"status":"passed","summary":""},{"assertionResults":[{"ancestorTitles":["Test Badge"],"failureMessages":[],"fullName":"Test Badge Test ","location":null,"status":"passed","title":"Test "},{"ancestorTitles":["Test Badge"],"failureMessages":[],"fullName":"Test Badge Test _show: false","location":null,"status":"passed","title":"Test _show: false"},{"ancestorTitles":["Test Badge"],"failureMessages":[],"fullName":"Test Badge Test _show: true","location":null,"status":"passed","title":"Test _show: true"}],"endTime":1671543164983,"message":"","name":"/home/runner/work/kolibri/kolibri/packages/library/src/components/spin/test/snapshot.spec.tsx","startTime":1671543162300,"status":"passed","summary":""},{"assertionResults":[{"ancestorTitles":["Test Form"],"failureMessages":[],"fullName":"Test Form Test ","location":null,"status":"pending","title":"Test "},{"ancestorTitles":["Test Form"],"failureMessages":[],"fullName":"Test Form Test _requiredText: Pflichtfeld","location":null,"status":"pending","title":"Test _requiredText: Pflichtfeld"}],"endTime":1671543165463,"message":"","name":"/home/runner/work/kolibri/kolibri/packages/library/src/components/form/test/snapshot.spec.tsx","startTime":1671543163104,"status":"passed","summary":""},{"assertionResults":[{"ancestorTitles":["Test Abbr"],"failureMessages":[],"fullName":"Test Abbr Test ","location":null,"status":"passed","title":"Test "},{"ancestorTitles":["Test Abbr"],"failureMessages":[],"fullName":"Test Abbr Test _alert: false","location":null,"status":"passed","title":"Test _alert: false"},{"ancestorTitles":["Test Abbr"],"failureMessages":[],"fullName":"Test Abbr Test _alert: true","location":null,"status":"passed","title":"Test _alert: true"},{"ancestorTitles":["Test Abbr"],"failureMessages":[],"fullName":"Test Abbr Test _heading: Überschrift","location":null,"status":"passed","title":"Test _heading: Überschrift"},{"ancestorTitles":["Test Abbr"],"failureMessages":[],"fullName":"Test Abbr Test _alert: false, _heading: Überschrift","location":null,"status":"passed","title":"Test _alert: false, _heading: Überschrift"},{"ancestorTitles":["Test Abbr"],"failureMessages":[],"fullName":"Test Abbr Test _alert: true, _heading: Überschrift","location":null,"status":"passed","title":"Test _alert: true, _heading: Überschrift"},{"ancestorTitles":["Test Abbr"],"failureMessages":[],"fullName":"Test Abbr Test _level: 1","location":null,"status":"passed","title":"Test _level: 1"},{"ancestorTitles":["Test Abbr"],"failureMessages":[],"fullName":"Test Abbr Test _alert: false, _level: 1","location":null,"status":"passed","title":"Test _alert: false, _level: 1"},{"ancestorTitles":["Test Abbr"],"failureMessages":[],"fullName":"Test Abbr Test _alert: true, _level: 1","location":null,"status":"passed","title":"Test _alert: true, _level: 1"},{"ancestorTitles":["Test Abbr"],"failureMessages":[],"fullName":"Test Abbr Test _heading: Überschrift, _level: 1","location":null,"status":"passed","title":"Test _heading: Überschrift, _level: 1"},{"ancestorTitles":["Test Abbr"],"failureMessages":[],"fullName":"Test Abbr Test _alert: false, _heading: Überschrift, _level: 1","location":null,"status":"passed","title":"Test _alert: false, _heading: Überschrift, _level: 1"},{"ancestorTitles":["Test Abbr"],"failureMessages":[],"fullName":"Test Abbr Test _alert: true, _heading: Überschrift, _level: 1","location":null,"status":"passed","title":"Test _alert: true, _heading: Überschrift, _level: 1"},{"ancestorTitles":["Test Abbr"],"failureMessages":[],"fullName":"Test Abbr Test _level: 2","location":null,"status":"passed","title":"Test _level: 2"},{"ancestorTitles":["Test Abbr"],"failureMessages":[],"fullName":"Test Abbr Test _alert: false, _level: 2","location":null,"status":"passed","title":"Test _alert: false, _level: 2"},{"ancestorTitles":["Test Abbr"],"failureMessages":[],"fullName":"Test Abbr Test _alert: true, _level: 2","location":null,"status":"passed","title":"Test _alert: true, _level: 2"},{"ancestorTitles":["Test Abbr"],"failureMessages":[],"fullName":"Test Abbr Test _heading: Überschrift, _level: 2","location":null,"status":"passed","title":"Test _heading: Überschrift, _level: 2"},{"ancestorTitles":["Test Abbr"],"failureMessages":[],"fullName":"Test Abbr Test _alert: false, _heading: Überschrift, _level: 2","location":null,"status":"passed","title":"Test _alert: false, _heading: Überschrift, _level: 2"},{"ancestorTitles":["Test Abbr"],"failureMessages":[],"fullName":"Test Abbr Test _alert: true, _heading: Überschrift, _level: 2","location":null,"status":"passed","title":"Test _alert: true, _heading: Überschrift, _level: 2"},{"ancestorTitles":["Test Abbr"],"failureMessages":[],"fullName":"Test Abbr Test _level: 3","location":null,"status":"passed","title":"Test _level: 3"},{"ancestorTitles":["Test Abbr"],"failureMessages":[],"fullName":"Test Abbr Test _alert: false, _level: 3","location":null,"status":"passed","title":"Test _alert: false, _level: 3"},{"ancestorTitles":["Test Abbr"],"failureMessages":[],"fullName":"Test Abbr Test _alert: true, _level: 3","location":null,"status":"passed","title":"Test _alert: true, _level: 3"},{"ancestorTitles":["Test Abbr"],"failureMessages":[],"fullName":"Test Abbr Test _heading: Überschrift, _level: 3","location":null,"status":"passed","title":"Test _heading: Überschrift, _level: 3"},{"ancestorTitles":["Test Abbr"],"failureMessages":[],"fullName":"Test Abbr Test _alert: false, _heading: Überschrift, _level: 3","location":null,"status":"passed","title":"Test _alert: false, _heading: Überschrift, _level: 3"},{"ancestorTitles":["Test Abbr"],"failureMessages":[],"fullName":"Test Abbr Test _alert: true, _heading: Überschrift, _level: 3","location":null,"status":"passed","title":"Test _alert: true, _heading: Überschrift, _level: 3"},{"ancestorTitles":["Test Abbr"],"failureMessages":[],"fullName":"Test Abbr Test _level: 4","location":null,"status":"passed","title":"Test _level: 4"},{"ancestorTitles":["Test Abbr"],"failureMessages":[],"fullName":"Test Abbr Test _alert: false, _level: 4","location":null,"status":"passed","title":"Test _alert: false, _level: 4"},{"ancestorTitles":["Test Abbr"],"failureMessages":[],"fullName":"Test Abbr Test _alert: true, _level: 4","location":null,"status":"passed","title":"Test _alert: true, _level: 4"},{"ancestorTitles":["Test Abbr"],"failureMessages":[],"fullName":"Test Abbr Test _heading: Überschrift, _level: 4","location":null,"status":"passed","title":"Test _heading: Überschrift, _level: 4"},{"ancestorTitles":["Test Abbr"],"failureMessages":[],"fullName":"Test Abbr Test _alert: false, _heading: Überschrift, _level: 4","location":null,"status":"passed","title":"Test _alert: false, _heading: Überschrift, _level: 4"},{"ancestorTitles":["Test Abbr"],"failureMessages":[],"fullName":"Test Abbr Test _alert: true, _heading: Überschrift, _level: 4","location":null,"status":"passed","title":"Test _alert: true, _heading: Überschrift, _level: 4"},{"ancestorTitles":["Test Abbr"],"failureMessages":[],"fullName":"Test Abbr Test _level: 5","location":null,"status":"passed","title":"Test _level: 5"},{"ancestorTitles":["Test Abbr"],"failureMessages":[],"fullName":"Test Abbr Test _alert: false, _level: 5","location":null,"status":"passed","title":"Test _alert: false, _level: 5"},{"ancestorTitles":["Test Abbr"],"failureMessages":[],"fullName":"Test Abbr Test _alert: true, _level: 5","location":null,"status":"passed","title":"Test _alert: true, _level: 5"},{"ancestorTitles":["Test Abbr"],"failureMessages":[],"fullName":"Test Abbr Test _heading: Überschrift, _level: 5","location":null,"status":"passed","title":"Test _heading: Überschrift, _level: 5"},{"ancestorTitles":["Test Abbr"],"failureMessages":[],"fullName":"Test Abbr Test _alert: false, _heading: Überschrift, _level: 5","location":null,"status":"passed","title":"Test _alert: false, _heading: Überschrift, _level: 5"},{"ancestorTitles":["Test Abbr"],"failureMessages":[],"fullName":"Test Abbr Test _alert: true, _heading: Überschrift, _level: 5","location":null,"status":"passed","title":"Test _alert: true, _heading: Überschrift, _level: 5"},{"ancestorTitles":["Test Abbr"],"failureMessages":[],"fullName":"Test Abbr Test _level: 6","location":null,"status":"passed","title":"Test _level: 6"},{"ancestorTitles":["Test Abbr"],"failureMessages":[],"fullName":"Test Abbr Test _alert: false, _level: 6","location":null,"status":"passed","title":"Test _alert: false, _level: 6"},{"ancestorTitles":["Test Abbr"],"failureMessages":[],"fullName":"Test Abbr Test _alert: true, _level: 6","location":null,"status":"passed","title":"Test _alert: true, _level: 6"},{"ancestorTitles":["Test Abbr"],"failureMessages":[],"fullName":"Test Abbr Test _heading: Überschrift, _level: 6","location":null,"status":"passed","title":"Test _heading: Überschrift, _level: 6"},{"ancestorTitles":["Test Abbr"],"failureMessages":[],"fullName":"Test Abbr Test _alert: false, _heading: Überschrift, _level: 6","location":null,"status":"passed","title":"Test _alert: false, _heading: Überschrift, _level: 6"},{"ancestorTitles":["Test Abbr"],"failureMessages":[],"fullName":"Test Abbr Test _alert: true, _heading: Überschrift, _level: 6","location":null,"status":"passed","title":"Test _alert: true, _heading: Überschrift, _level: 6"},{"ancestorTitles":["Test Abbr"],"failureMessages":[],"fullName":"Test Abbr Test _type: default","location":null,"status":"passed","title":"Test _type: default"},{"ancestorTitles":["Test Abbr"],"failureMessages":[],"fullName":"Test Abbr Test _alert: false, _type: default","location":null,"status":"passed","title":"Test _alert: false, _type: default"},{"ancestorTitles":["Test Abbr"],"failureMessages":[],"fullName":"Test Abbr Test _alert: true, _type: default","location":null,"status":"passed","title":"Test _alert: true, _type: default"},{"ancestorTitles":["Test Abbr"],"failureMessages":[],"fullName":"Test Abbr Test _heading: Überschrift, _type: default","location":null,"status":"passed","title":"Test _heading: Überschrift, _type: default"},{"ancestorTitles":["Test Abbr"],"failureMessages":[],"fullName":"Test Abbr Test _alert: false, _heading: Überschrift, _type: default","location":null,"status":"passed","title":"Test _alert: false, _heading: Überschrift, _type: default"},{"ancestorTitles":["Test Abbr"],"failureMessages":[],"fullName":"Test Abbr Test _alert: true, _heading: Überschrift, _type: default","location":null,"status":"passed","title":"Test _alert: true, _heading: Überschrift, _type: default"},{"ancestorTitles":["Test Abbr"],"failureMessages":[],"fullName":"Test Abbr Test _level: 1, _type: default","location":null,"status":"passed","title":"Test _level: 1, _type: default"},{"ancestorTitles":["Test Abbr"],"failureMessages":[],"fullName":"Test Abbr Test _alert: false, _level: 1, _type: default","location":null,"status":"passed","title":"Test _alert: false, _level: 1, _type: default"},{"ancestorTitles":["Test Abbr"],"failureMessages":[],"fullName":"Test Abbr Test _alert: true, _level: 1, _type: default","location":null,"status":"passed","title":"Test _alert: true, _level: 1, _type: default"},{"ancestorTitles":["Test Abbr"],"failureMessages":[],"fullName":"Test Abbr Test _heading: Überschrift, _level: 1, _type: default","location":null,"status":"passed","title":"Test _heading: Überschrift, _level: 1, _type: default"},{"ancestorTitles":["Test Abbr"],"failureMessages":[],"fullName":"Test Abbr Test _alert: false, _heading: Überschrift, _level: 1, _type: default","location":null,"status":"passed","title":"Test _alert: false, _heading: Überschrift, _level: 1, _type: default"},{"ancestorTitles":["Test Abbr"],"failureMessages":[],"fullName":"Test Abbr Test _alert: true, _heading: Überschrift, _level: 1, _type: default","location":null,"status":"passed","title":"Test _alert: true, _heading: Überschrift, _level: 1, _type: default"},{"ancestorTitles":["Test Abbr"],"failureMessages":[],"fullName":"Test Abbr Test _level: 2, _type: default","location":null,"status":"passed","title":"Test _level: 2, _type: default"},{"ancestorTitles":["Test Abbr"],"failureMessages":[],"fullName":"Test Abbr Test _alert: false, _level: 2, _type: default","location":null,"status":"passed","title":"Test _alert: false, _level: 2, _type: default"},{"ancestorTitles":["Test Abbr"],"failureMessages":[],"fullName":"Test Abbr Test _alert: true, _level: 2, _type: default","location":null,"status":"passed","title":"Test _alert: true, _level: 2, _type: default"},{"ancestorTitles":["Test Abbr"],"failureMessages":[],"fullName":"Test Abbr Test _heading: Überschrift, _level: 2, _type: default","location":null,"status":"passed","title":"Test _heading: Überschrift, _level: 2, _type: default"},{"ancestorTitles":["Test Abbr"],"failureMessages":[],"fullName":"Test Abbr Test _alert: false, _heading: Überschrift, _level: 2, _type: default","location":null,"status":"passed","title":"Test _alert: false, _heading: Überschrift, _level: 2, _type: default"},{"ancestorTitles":["Test Abbr"],"failureMessages":[],"fullName":"Test Abbr Test _alert: true, _heading: Überschrift, _level: 2, _type: default","location":null,"status":"passed","title":"Test _alert: true, _heading: Überschrift, _level: 2, _type: default"},{"ancestorTitles":["Test Abbr"],"failureMessages":[],"fullName":"Test Abbr Test _level: 3, _type: default","location":null,"status":"passed","title":"Test _level: 3, _type: default"},{"ancestorTitles":["Test Abbr"],"failureMessages":[],"fullName":"Test Abbr Test _alert: false, _level: 3, _type: default","location":null,"status":"passed","title":"Test _alert: false, _level: 3, _type: default"},{"ancestorTitles":["Test Abbr"],"failureMessages":[],"fullName":"Test Abbr Test _alert: true, _level: 3, _type: default","location":null,"status":"passed","title":"Test _alert: true, _level: 3, _type: default"},{"ancestorTitles":["Test Abbr"],"failureMessages":[],"fullName":"Test Abbr Test _heading: Überschrift, _level: 3, _type: default","location":null,"status":"passed","title":"Test _heading: Überschrift, _level: 3, _type: default"},{"ancestorTitles":["Test Abbr"],"failureMessages":[],"fullName":"Test Abbr Test _alert: false, _heading: Überschrift, _level: 3, _type: default","location":null,"status":"passed","title":"Test _alert: false, _heading: Überschrift, _level: 3, _type: default"},{"ancestorTitles":["Test Abbr"],"failureMessages":[],"fullName":"Test Abbr Test _alert: true, _heading: Überschrift, _level: 3, _type: default","location":null,"status":"passed","title":"Test _alert: true, _heading: Überschrift, _level: 3, _type: default"},{"ancestorTitles":["Test Abbr"],"failureMessages":[],"fullName":"Test Abbr Test _level: 4, _type: default","location":null,"status":"passed","title":"Test _level: 4, _type: default"},{"ancestorTitles":["Test Abbr"],"failureMessages":[],"fullName":"Test Abbr Test _alert: false, _level: 4, _type: default","location":null,"status":"passed","title":"Test _alert: false, _level: 4, _type: default"},{"ancestorTitles":["Test Abbr"],"failureMessages":[],"fullName":"Test Abbr Test _alert: true, _level: 4, _type: default","location":null,"status":"passed","title":"Test _alert: true, _level: 4, _type: default"},{"ancestorTitles":["Test Abbr"],"failureMessages":[],"fullName":"Test Abbr Test _heading: Überschrift, _level: 4, _type: default","location":null,"status":"passed","title":"Test _heading: Überschrift, _level: 4, _type: default"},{"ancestorTitles":["Test Abbr"],"failureMessages":[],"fullName":"Test Abbr Test _alert: false, _heading: Überschrift, _level: 4, _type: default","location":null,"status":"passed","title":"Test _alert: false, _heading: Überschrift, _level: 4, _type: default"},{"ancestorTitles":["Test Abbr"],"failureMessages":[],"fullName":"Test Abbr Test _alert: true, _heading: Überschrift, _level: 4, _type: default","location":null,"status":"passed","title":"Test _alert: true, _heading: Überschrift, _level: 4, _type: default"},{"ancestorTitles":["Test Abbr"],"failureMessages":[],"fullName":"Test Abbr Test _level: 5, _type: default","location":null,"status":"passed","title":"Test _level: 5, _type: default"},{"ancestorTitles":["Test Abbr"],"failureMessages":[],"fullName":"Test Abbr Test _alert: false, _level: 5, _type: default","location":null,"status":"passed","title":"Test _alert: false, _level: 5, _type: default"},{"ancestorTitles":["Test Abbr"],"failureMessages":[],"fullName":"Test Abbr Test _alert: true, _level: 5, _type: default","location":null,"status":"passed","title":"Test _alert: true, _level: 5, _type: default"},{"ancestorTitles":["Test Abbr"],"failureMessages":[],"fullName":"Test Abbr Test _heading: Überschrift, _level: 5, _type: default","location":null,"status":"passed","title":"Test _heading: Überschrift, _level: 5, _type: default"},{"ancestorTitles":["Test Abbr"],"failureMessages":[],"fullName":"Test Abbr Test _alert: false, _heading: Überschrift, _level: 5, _type: default","location":null,"status":"passed","title":"Test _alert: false, _heading: Überschrift, _level: 5, _type: default"},{"ancestorTitles":["Test Abbr"],"failureMessages":[],"fullName":"Test Abbr Test _alert: true, _heading: Überschrift, _level: 5, _type: default","location":null,"status":"passed","title":"Test _alert: true, _heading: Überschrift, _level: 5, _type: default"},{"ancestorTitles":["Test Abbr"],"failureMessages":[],"fullName":"Test Abbr Test _level: 6, _type: default","location":null,"status":"passed","title":"Test _level: 6, _type: default"},{"ancestorTitles":["Test Abbr"],"failureMessages":[],"fullName":"Test Abbr Test _alert: false, _level: 6, _type: default","location":null,"status":"passed","title":"Test _alert: false, _level: 6, _type: default"},{"ancestorTitles":["Test Abbr"],"failureMessages":[],"fullName":"Test Abbr Test _alert: true, _level: 6, _type: default","location":null,"status":"passed","title":"Test _alert: true, _level: 6, _type: default"},{"ancestorTitles":["Test Abbr"],"failureMessages":[],"fullName":"Test Abbr Test _heading: Überschrift, _level: 6, _type: default","location":null,"status":"passed","title":"Test _heading: Überschrift, _level: 6, _type: default"},{"ancestorTitles":["Test Abbr"],"failureMessages":[],"fullName":"Test Abbr Test _alert: false, _heading: Überschrift, _level: 6, _type: default","location":null,"status":"passed","title":"Test _alert: false, _heading: Überschrift, _level: 6, _type: default"},{"ancestorTitles":["Test Abbr"],"failureMessages":[],"fullName":"Test Abbr Test _alert: true, _heading: Überschrift, _level: 6, _type: default","location":null,"status":"passed","title":"Test _alert: true, _heading: Überschrift, _level: 6, _type: default"},{"ancestorTitles":["Test Abbr"],"failureMessages":[],"fullName":"Test Abbr Test _type: error","location":null,"status":"passed","title":"Test _type: error"},{"ancestorTitles":["Test Abbr"],"failureMessages":[],"fullName":"Test Abbr Test _alert: false, _type: error","location":null,"status":"passed","title":"Test _alert: false, _type: error"},{"ancestorTitles":["Test Abbr"],"failureMessages":[],"fullName":"Test Abbr Test _alert: true, _type: error","location":null,"status":"passed","title":"Test _alert: true, _type: error"},{"ancestorTitles":["Test Abbr"],"failureMessages":[],"fullName":"Test Abbr Test _heading: Überschrift, _type: error","location":null,"status":"passed","title":"Test _heading: Überschrift, _type: error"},{"ancestorTitles":["Test Abbr"],"failureMessages":[],"fullName":"Test Abbr Test _alert: false, _heading: Überschrift, _type: error","location":null,"status":"passed","title":"Test _alert: false, _heading: Überschrift, _type: error"},{"ancestorTitles":["Test Abbr"],"failureMessages":[],"fullName":"Test Abbr Test _alert: true, _heading: Überschrift, _type: error","location":null,"status":"passed","title":"Test _alert: true, _heading: Überschrift, _type: error"},{"ancestorTitles":["Test Abbr"],"failureMessages":[],"fullName":"Test Abbr Test _level: 1, _type: error","location":null,"status":"passed","title":"Test _level: 1, _type: error"},{"ancestorTitles":["Test Abbr"],"failureMessages":[],"fullName":"Test Abbr Test _alert: false, _level: 1, _type: error","location":null,"status":"passed","title":"Test _alert: false, _level: 1, _type: error"},{"ancestorTitles":["Test Abbr"],"failureMessages":[],"fullName":"Test Abbr Test _alert: true, _level: 1, _type: error","location":null,"status":"passed","title":"Test _alert: true, _level: 1, _type: error"},{"ancestorTitles":["Test Abbr"],"failureMessages":[],"fullName":"Test Abbr Test _heading: Überschrift, _level: 1, _type: error","location":null,"status":"passed","title":"Test _heading: Überschrift, _level: 1, _type: error"},{"ancestorTitles":["Test Abbr"],"failureMessages":[],"fullName":"Test Abbr Test _alert: false, _heading: Überschrift, _level: 1, _type: error","location":null,"status":"passed","title":"Test _alert: false, _heading: Überschrift, _level: 1, _type: error"},{"ancestorTitles":["Test Abbr"],"failureMessages":[],"fullName":"Test Abbr Test _alert: true, _heading: Überschrift, _level: 1, _type: error","location":null,"status":"passed","title":"Test _alert: true, _heading: Überschrift, _level: 1, _type: error"},{"ancestorTitles":["Test Abbr"],"failureMessages":[],"fullName":"Test Abbr Test _level: 2, _type: error","location":null,"status":"passed","title":"Test _level: 2, _type: error"},{"ancestorTitles":["Test Abbr"],"failureMessages":[],"fullName":"Test Abbr Test _alert: false, _level: 2, _type: error","location":null,"status":"passed","title":"Test _alert: false, _level: 2, _type: error"},{"ancestorTitles":["Test Abbr"],"failureMessages":[],"fullName":"Test Abbr Test _alert: true, _level: 2, _type: error","location":null,"status":"passed","title":"Test _alert: true, _level: 2, _type: error"},{"ancestorTitles":["Test Abbr"],"failureMessages":[],"fullName":"Test Abbr Test _heading: Überschrift, _level: 2, _type: error","location":null,"status":"passed","title":"Test _heading: Überschrift, _level: 2, _type: error"},{"ancestorTitles":["Test Abbr"],"failureMessages":[],"fullName":"Test Abbr Test _alert: false, _heading: Überschrift, _level: 2, _type: error","location":null,"status":"passed","title":"Test _alert: false, _heading: Überschrift, _level: 2, _type: error"},{"ancestorTitles":["Test Abbr"],"failureMessages":[],"fullName":"Test Abbr Test _alert: true, _heading: Überschrift, _level: 2, _type: error","location":null,"status":"passed","title":"Test _alert: true, _heading: Überschrift, _level: 2, _type: error"},{"ancestorTitles":["Test Abbr"],"failureMessages":[],"fullName":"Test Abbr Test _level: 3, _type: error","location":null,"status":"passed","title":"Test _level: 3, _type: error"},{"ancestorTitles":["Test Abbr"],"failureMessages":[],"fullName":"Test Abbr Test _alert: false, _level: 3, _type: error","location":null,"status":"passed","title":"Test _alert: false, _level: 3, _type: error"},{"ancestorTitles":["Test Abbr"],"failureMessages":[],"fullName":"Test Abbr Test _alert: true, _level: 3, _type: error","location":null,"status":"passed","title":"Test _alert: true, _level: 3, _type: error"},{"ancestorTitles":["Test Abbr"],"failureMessages":[],"fullName":"Test Abbr Test _heading: Überschrift, _level: 3, _type: error","location":null,"status":"passed","title":"Test _heading: Überschrift, _level: 3, _type: error"},{"ancestorTitles":["Test Abbr"],"failureMessages":[],"fullName":"Test Abbr Test _alert: false, _heading: Überschrift, _level: 3, _type: error","location":null,"status":"passed","title":"Test _alert: false, _heading: Überschrift, _level: 3, _type: error"},{"ancestorTitles":["Test Abbr"],"failureMessages":[],"fullName":"Test Abbr Test _alert: true, _heading: Überschrift, _level: 3, _type: error","location":null,"status":"passed","title":"Test _alert: true, _heading: Überschrift, _level: 3, _type: error"},{"ancestorTitles":["Test Abbr"],"failureMessages":[],"fullName":"Test Abbr Test _level: 4, _type: error","location":null,"status":"passed","title":"Test _level: 4, _type: error"},{"ancestorTitles":["Test Abbr"],"failureMessages":[],"fullName":"Test Abbr Test _alert: false, _level: 4, _type: error","location":null,"status":"passed","title":"Test _alert: false, _level: 4, _type: error"},{"ancestorTitles":["Test Abbr"],"failureMessages":[],"fullName":"Test Abbr Test _alert: true, _level: 4, _type: error","location":null,"status":"passed","title":"Test _alert: true, _level: 4, _type: error"},{"ancestorTitles":["Test Abbr"],"failureMessages":[],"fullName":"Test Abbr Test _heading: Überschrift, _level: 4, _type: error","location":null,"status":"passed","title":"Test _heading: Überschrift, _level: 4, _type: error"},{"ancestorTitles":["Test Abbr"],"failureMessages":[],"fullName":"Test Abbr Test _alert: false, _heading: Überschrift, _level: 4, _type: error","location":null,"status":"passed","title":"Test _alert: false, _heading: Überschrift, _level: 4, _type: error"},{"ancestorTitles":["Test Abbr"],"failureMessages":[],"fullName":"Test Abbr Test _alert: true, _heading: Überschrift, _level: 4, _type: error","location":null,"status":"passed","title":"Test _alert: true, _heading: Überschrift, _level: 4, _type: error"},{"ancestorTitles":["Test Abbr"],"failureMessages":[],"fullName":"Test Abbr Test _level: 5, _type: error","location":null,"status":"passed","title":"Test _level: 5, _type: error"},{"ancestorTitles":["Test Abbr"],"failureMessages":[],"fullName":"Test Abbr Test _alert: false, _level: 5, _type: error","location":null,"status":"passed","title":"Test _alert: false, _level: 5, _type: error"},{"ancestorTitles":["Test Abbr"],"failureMessages":[],"fullName":"Test Abbr Test _alert: true, _level: 5, _type: error","location":null,"status":"passed","title":"Test _alert: true, _level: 5, _type: error"},{"ancestorTitles":["Test Abbr"],"failureMessages":[],"fullName":"Test Abbr Test _heading: Überschrift, _level: 5, _type: error","location":null,"status":"passed","title":"Test _heading: Überschrift, _level: 5, _type: error"},{"ancestorTitles":["Test Abbr"],"failureMessages":[],"fullName":"Test Abbr Test _alert: false, _heading: Überschrift, _level: 5, _type: error","location":null,"status":"passed","title":"Test _alert: false, _heading: Überschrift, _level: 5, _type: error"},{"ancestorTitles":["Test Abbr"],"failureMessages":[],"fullName":"Test Abbr Test _alert: true, _heading: Überschrift, _level: 5, _type: error","location":null,"status":"passed","title":"Test _alert: true, _heading: Überschrift, _level: 5, _type: error"},{"ancestorTitles":["Test Abbr"],"failureMessages":[],"fullName":"Test Abbr Test _level: 6, _type: error","location":null,"status":"passed","title":"Test _level: 6, _type: error"},{"ancestorTitles":["Test Abbr"],"failureMessages":[],"fullName":"Test Abbr Test _alert: false, _level: 6, _type: error","location":null,"status":"passed","title":"Test _alert: false, _level: 6, _type: error"},{"ancestorTitles":["Test Abbr"],"failureMessages":[],"fullName":"Test Abbr Test _alert: true, _level: 6, _type: error","location":null,"status":"passed","title":"Test _alert: true, _level: 6, _type: error"},{"ancestorTitles":["Test Abbr"],"failureMessages":[],"fullName":"Test Abbr Test _heading: Überschrift, _level: 6, _type: error","location":null,"status":"passed","title":"Test _heading: Überschrift, _level: 6, _type: error"},{"ancestorTitles":["Test Abbr"],"failureMessages":[],"fullName":"Test Abbr Test _alert: false, _heading: Überschrift, _level: 6, _type: error","location":null,"status":"passed","title":"Test _alert: false, _heading: Überschrift, _level: 6, _type: error"},{"ancestorTitles":["Test Abbr"],"failureMessages":[],"fullName":"Test Abbr Test _alert: true, _heading: Überschrift, _level: 6, _type: error","location":null,"status":"passed","title":"Test _alert: true, _heading: Überschrift, _level: 6, _type: error"},{"ancestorTitles":["Test Abbr"],"failureMessages":[],"fullName":"Test Abbr Test _type: info","location":null,"status":"passed","title":"Test _type: info"},{"ancestorTitles":["Test Abbr"],"failureMessages":[],"fullName":"Test Abbr Test _alert: false, _type: info","location":null,"status":"passed","title":"Test _alert: false, _type: info"},{"ancestorTitles":["Test Abbr"],"failureMessages":[],"fullName":"Test Abbr Test _alert: true, _type: info","location":null,"status":"passed","title":"Test _alert: true, _type: info"},{"ancestorTitles":["Test Abbr"],"failureMessages":[],"fullName":"Test Abbr Test _heading: Überschrift, _type: info","location":null,"status":"passed","title":"Test _heading: Überschrift, _type: info"},{"ancestorTitles":["Test Abbr"],"failureMessages":[],"fullName":"Test Abbr Test _alert: false, _heading: Überschrift, _type: info","location":null,"status":"passed","title":"Test _alert: false, _heading: Überschrift, _type: info"},{"ancestorTitles":["Test Abbr"],"failureMessages":[],"fullName":"Test Abbr Test _alert: true, _heading: Überschrift, _type: info","location":null,"status":"passed","title":"Test _alert: true, _heading: Überschrift, _type: info"},{"ancestorTitles":["Test Abbr"],"failureMessages":[],"fullName":"Test Abbr Test _level: 1, _type: info","location":null,"status":"passed","title":"Test _level: 1, _type: info"},{"ancestorTitles":["Test Abbr"],"failureMessages":[],"fullName":"Test Abbr Test _alert: false, _level: 1, _type: info","location":null,"status":"passed","title":"Test _alert: false, _level: 1, _type: info"},{"ancestorTitles":["Test Abbr"],"failureMessages":[],"fullName":"Test Abbr Test _alert: true, _level: 1, _type: info","location":null,"status":"passed","title":"Test _alert: true, _level: 1, _type: info"},{"ancestorTitles":["Test Abbr"],"failureMessages":[],"fullName":"Test Abbr Test _heading: Überschrift, _level: 1, _type: info","location":null,"status":"passed","title":"Test _heading: Überschrift, _level: 1, _type: info"},{"ancestorTitles":["Test Abbr"],"failureMessages":[],"fullName":"Test Abbr Test _alert: false, _heading: Überschrift, _level: 1, _type: info","location":null,"status":"passed","title":"Test _alert: false, _heading: Überschrift, _level: 1, _type: info"},{"ancestorTitles":["Test Abbr"],"failureMessages":[],"fullName":"Test Abbr Test _alert: true, _heading: Überschrift, _level: 1, _type: info","location":null,"status":"passed","title":"Test _alert: true, _heading: Überschrift, _level: 1, _type: info"},{"ancestorTitles":["Test Abbr"],"failureMessages":[],"fullName":"Test Abbr Test _level: 2, _type: info","location":null,"status":"passed","title":"Test _level: 2, _type: info"},{"ancestorTitles":["Test Abbr"],"failureMessages":[],"fullName":"Test Abbr Test _alert: false, _level: 2, _type: info","location":null,"status":"passed","title":"Test _alert: false, _level: 2, _type: info"},{"ancestorTitles":["Test Abbr"],"failureMessages":[],"fullName":"Test Abbr Test _alert: true, _level: 2, _type: info","location":null,"status":"passed","title":"Test _alert: true, _level: 2, _type: info"},{"ancestorTitles":["Test Abbr"],"failureMessages":[],"fullName":"Test Abbr Test _heading: Überschrift, _level: 2, _type: info","location":null,"status":"passed","title":"Test _heading: Überschrift, _level: 2, _type: info"},{"ancestorTitles":["Test Abbr"],"failureMessages":[],"fullName":"Test Abbr Test _alert: false, _heading: Überschrift, _level: 2, _type: info","location":null,"status":"passed","title":"Test _alert: false, _heading: Überschrift, _level: 2, _type: info"},{"ancestorTitles":["Test Abbr"],"failureMessages":[],"fullName":"Test Abbr Test _alert: true, _heading: Überschrift, _level: 2, _type: info","location":null,"status":"passed","title":"Test _alert: true, _heading: Überschrift, _level: 2, _type: info"},{"ancestorTitles":["Test Abbr"],"failureMessages":[],"fullName":"Test Abbr Test _level: 3, _type: info","location":null,"status":"passed","title":"Test _level: 3, _type: info"},{"ancestorTitles":["Test Abbr"],"failureMessages":[],"fullName":"Test Abbr Test _alert: false, _level: 3, _type: info","location":null,"status":"passed","title":"Test _alert: false, _level: 3, _type: info"},{"ancestorTitles":["Test Abbr"],"failureMessages":[],"fullName":"Test Abbr Test _alert: true, _level: 3, _type: info","location":null,"status":"passed","title":"Test _alert: true, _level: 3, _type: info"},{"ancestorTitles":["Test Abbr"],"failureMessages":[],"fullName":"Test Abbr Test _heading: Überschrift, _level: 3, _type: info","location":null,"status":"passed","title":"Test _heading: Überschrift, _level: 3, _type: info"},{"ancestorTitles":["Test Abbr"],"failureMessages":[],"fullName":"Test Abbr Test _alert: false, _heading: Überschrift, _level: 3, _type: info","location":null,"status":"passed","title":"Test _alert: false, _heading: Überschrift, _level: 3, _type: info"},{"ancestorTitles":["Test Abbr"],"failureMessages":[],"fullName":"Test Abbr Test _alert: true, _heading: Überschrift, _level: 3, _type: info","location":null,"status":"passed","title":"Test _alert: true, _heading: Überschrift, _level: 3, _type: info"},{"ancestorTitles":["Test Abbr"],"failureMessages":[],"fullName":"Test Abbr Test _level: 4, _type: info","location":null,"status":"passed","title":"Test _level: 4, _type: info"},{"ancestorTitles":["Test Abbr"],"failureMessages":[],"fullName":"Test Abbr Test _alert: false, _level: 4, _type: info","location":null,"status":"passed","title":"Test _alert: false, _level: 4, _type: info"},{"ancestorTitles":["Test Abbr"],"failureMessages":[],"fullName":"Test Abbr Test _alert: true, _level: 4, _type: info","location":null,"status":"passed","title":"Test _alert: true, _level: 4, _type: info"},{"ancestorTitles":["Test Abbr"],"failureMessages":[],"fullName":"Test Abbr Test _heading: Überschrift, _level: 4, _type: info","location":null,"status":"passed","title":"Test _heading: Überschrift, _level: 4, _type: info"},{"ancestorTitles":["Test Abbr"],"failureMessages":[],"fullName":"Test Abbr Test _alert: false, _heading: Überschrift, _level: 4, _type: info","location":null,"status":"passed","title":"Test _alert: false, _heading: Überschrift, _level: 4, _type: info"},{"ancestorTitles":["Test Abbr"],"failureMessages":[],"fullName":"Test Abbr Test _alert: true, _heading: Überschrift, _level: 4, _type: info","location":null,"status":"passed","title":"Test _alert: true, _heading: Überschrift, _level: 4, _type: info"},{"ancestorTitles":["Test Abbr"],"failureMessages":[],"fullName":"Test Abbr Test _level: 5, _type: info","location":null,"status":"passed","title":"Test _level: 5, _type: info"},{"ancestorTitles":["Test Abbr"],"failureMessages":[],"fullName":"Test Abbr Test _alert: false, _level: 5, _type: info","location":null,"status":"passed","title":"Test _alert: false, _level: 5, _type: info"},{"ancestorTitles":["Test Abbr"],"failureMessages":[],"fullName":"Test Abbr Test _alert: true, _level: 5, _type: info","
[...]
oast Test _show: false, _heading: Überschrift, _level: 2, _type: warning","location":null,"status":"passed","title":"Test _show: false, _heading: Überschrift, _level: 2, _type: warning"},{"ancestorTitles":["Test Toast"],"failureMessages":[],"fullName":"Test Toast Test _show: true, _heading: Überschrift, _level: 2, _type: warning","location":null,"status":"passed","title":"Test _show: true, _heading: Überschrift, _level: 2, _type: warning"},{"ancestorTitles":["Test Toast"],"failureMessages":[],"fullName":"Test Toast Test _alert: false, _heading: Überschrift, _level: 2, _type: warning","location":null,"status":"passed","title":"Test _alert: false, _heading: Überschrift, _level: 2, _type: warning"},{"ancestorTitles":["Test Toast"],"failureMessages":[],"fullName":"Test Toast Test _show: false, _alert: false, _heading: Überschrift, _level: 2, _type: warning","location":null,"status":"passed","title":"Test _show: false, _alert: false, _heading: Überschrift, _level: 2, _type: warning"},{"ancestorTitles":["Test Toast"],"failureMessages":[],"fullName":"Test Toast Test _show: true, _alert: false, _heading: Überschrift, _level: 2, _type: warning","location":null,"status":"passed","title":"Test _show: true, _alert: false, _heading: Überschrift, _level: 2, _type: warning"},{"ancestorTitles":["Test Toast"],"failureMessages":[],"fullName":"Test Toast Test _alert: true, _heading: Überschrift, _level: 2, _type: warning","location":null,"status":"passed","title":"Test _alert: true, _heading: Überschrift, _level: 2, _type: warning"},{"ancestorTitles":["Test Toast"],"failureMessages":[],"fullName":"Test Toast Test _show: false, _alert: true, _heading: Überschrift, _level: 2, _type: warning","location":null,"status":"passed","title":"Test _show: false, _alert: true, _heading: Überschrift, _level: 2, _type: warning"},{"ancestorTitles":["Test Toast"],"failureMessages":[],"fullName":"Test Toast Test _show: true, _alert: true, _heading: Überschrift, _level: 2, _type: warning","location":null,"status":"passed","title":"Test _show: true, _alert: true, _heading: Überschrift, _level: 2, _type: warning"},{"ancestorTitles":["Test Toast"],"failureMessages":[],"fullName":"Test Toast Test _level: 3, _type: warning","location":null,"status":"passed","title":"Test _level: 3, _type: warning"},{"ancestorTitles":["Test Toast"],"failureMessages":[],"fullName":"Test Toast Test _show: false, _level: 3, _type: warning","location":null,"status":"passed","title":"Test _show: false, _level: 3, _type: warning"},{"ancestorTitles":["Test Toast"],"failureMessages":[],"fullName":"Test Toast Test _show: true, _level: 3, _type: warning","location":null,"status":"passed","title":"Test _show: true, _level: 3, _type: warning"},{"ancestorTitles":["Test Toast"],"failureMessages":[],"fullName":"Test Toast Test _alert: false, _level: 3, _type: warning","location":null,"status":"passed","title":"Test _alert: false, _level: 3, _type: warning"},{"ancestorTitles":["Test Toast"],"failureMessages":[],"fullName":"Test Toast Test _show: false, _alert: false, _level: 3, _type: warning","location":null,"status":"passed","title":"Test _show: false, _alert: false, _level: 3, _type: warning"},{"ancestorTitles":["Test Toast"],"failureMessages":[],"fullName":"Test Toast Test _show: true, _alert: false, _level: 3, _type: warning","location":null,"status":"passed","title":"Test _show: true, _alert: false, _level: 3, _type: warning"},{"ancestorTitles":["Test Toast"],"failureMessages":[],"fullName":"Test Toast Test _alert: true, _level: 3, _type: warning","location":null,"status":"passed","title":"Test _alert: true, _level: 3, _type: warning"},{"ancestorTitles":["Test Toast"],"failureMessages":[],"fullName":"Test Toast Test _show: false, _alert: true, _level: 3, _type: warning","location":null,"status":"passed","title":"Test _show: false, _alert: true, _level: 3, _type: warning"},{"ancestorTitles":["Test Toast"],"failureMessages":[],"fullName":"Test Toast Test _show: true, _alert: true, _level: 3, _type: warning","location":null,"status":"passed","title":"Test _show: true, _alert: true, _level: 3, _type: warning"},{"ancestorTitles":["Test Toast"],"failureMessages":[],"fullName":"Test Toast Test _heading: Überschrift, _level: 3, _type: warning","location":null,"status":"passed","title":"Test _heading: Überschrift, _level: 3, _type: warning"},{"ancestorTitles":["Test Toast"],"failureMessages":[],"fullName":"Test Toast Test _show: false, _heading: Überschrift, _level: 3, _type: warning","location":null,"status":"passed","title":"Test _show: false, _heading: Überschrift, _level: 3, _type: warning"},{"ancestorTitles":["Test Toast"],"failureMessages":[],"fullName":"Test Toast Test _show: true, _heading: Überschrift, _level: 3, _type: warning","location":null,"status":"passed","title":"Test _show: true, _heading: Überschrift, _level: 3, _type: warning"},{"ancestorTitles":["Test Toast"],"failureMessages":[],"fullName":"Test Toast Test _alert: false, _heading: Überschrift, _level: 3, _type: warning","location":null,"status":"passed","title":"Test _alert: false, _heading: Überschrift, _level: 3, _type: warning"},{"ancestorTitles":["Test Toast"],"failureMessages":[],"fullName":"Test Toast Test _show: false, _alert: false, _heading: Überschrift, _level: 3, _type: warning","location":null,"status":"passed","title":"Test _show: false, _alert: false, _heading: Überschrift, _level: 3, _type: warning"},{"ancestorTitles":["Test Toast"],"failureMessages":[],"fullName":"Test Toast Test _show: true, _alert: false, _heading: Überschrift, _level: 3, _type: warning","location":null,"status":"passed","title":"Test _show: true, _alert: false, _heading: Überschrift, _level: 3, _type: warning"},{"ancestorTitles":["Test Toast"],"failureMessages":[],"fullName":"Test Toast Test _alert: true, _heading: Überschrift, _level: 3, _type: warning","location":null,"status":"passed","title":"Test _alert: true, _heading: Überschrift, _level: 3, _type: warning"},{"ancestorTitles":["Test Toast"],"failureMessages":[],"fullName":"Test Toast Test _show: false, _alert: true, _heading: Überschrift, _level: 3, _type: warning","location":null,"status":"passed","title":"Test _show: false, _alert: true, _heading: Überschrift, _level: 3, _type: warning"},{"ancestorTitles":["Test Toast"],"failureMessages":[],"fullName":"Test Toast Test _show: true, _alert: true, _heading: Überschrift, _level: 3, _type: warning","location":null,"status":"passed","title":"Test _show: true, _alert: true, _heading: Überschrift, _level: 3, _type: warning"},{"ancestorTitles":["Test Toast"],"failureMessages":[],"fullName":"Test Toast Test _level: 4, _type: warning","location":null,"status":"passed","title":"Test _level: 4, _type: warning"},{"ancestorTitles":["Test Toast"],"failureMessages":[],"fullName":"Test Toast Test _show: false, _level: 4, _type: warning","location":null,"status":"passed","title":"Test _show: false, _level: 4, _type: warning"},{"ancestorTitles":["Test Toast"],"failureMessages":[],"fullName":"Test Toast Test _show: true, _level: 4, _type: warning","location":null,"status":"passed","title":"Test _show: true, _level: 4, _type: warning"},{"ancestorTitles":["Test Toast"],"failureMessages":[],"fullName":"Test Toast Test _alert: false, _level: 4, _type: warning","location":null,"status":"passed","title":"Test _alert: false, _level: 4, _type: warning"},{"ancestorTitles":["Test Toast"],"failureMessages":[],"fullName":"Test Toast Test _show: false, _alert: false, _level: 4, _type: warning","location":null,"status":"passed","title":"Test _show: false, _alert: false, _level: 4, _type: warning"},{"ancestorTitles":["Test Toast"],"failureMessages":[],"fullName":"Test Toast Test _show: true, _alert: false, _level: 4, _type: warning","location":null,"status":"passed","title":"Test _show: true, _alert: false, _level: 4, _type: warning"},{"ancestorTitles":["Test Toast"],"failureMessages":[],"fullName":"Test Toast Test _alert: true, _level: 4, _type: warning","location":null,"status":"passed","title":"Test _alert: true, _level: 4, _type: warning"},{"ancestorTitles":["Test Toast"],"failureMessages":[],"fullName":"Test Toast Test _show: false, _alert: true, _level: 4, _type: warning","location":null,"status":"passed","title":"Test _show: false, _alert: true, _level: 4, _type: warning"},{"ancestorTitles":["Test Toast"],"failureMessages":[],"fullName":"Test Toast Test _show: true, _alert: true, _level: 4, _type: warning","location":null,"status":"passed","title":"Test _show: true, _alert: true, _level: 4, _type: warning"},{"ancestorTitles":["Test Toast"],"failureMessages":[],"fullName":"Test Toast Test _heading: Überschrift, _level: 4, _type: warning","location":null,"status":"passed","title":"Test _heading: Überschrift, _level: 4, _type: warning"},{"ancestorTitles":["Test Toast"],"failureMessages":[],"fullName":"Test Toast Test _show: false, _heading: Überschrift, _level: 4, _type: warning","location":null,"status":"passed","title":"Test _show: false, _heading: Überschrift, _level: 4, _type: warning"},{"ancestorTitles":["Test Toast"],"failureMessages":[],"fullName":"Test Toast Test _show: true, _heading: Überschrift, _level: 4, _type: warning","location":null,"status":"passed","title":"Test _show: true, _heading: Überschrift, _level: 4, _type: warning"},{"ancestorTitles":["Test Toast"],"failureMessages":[],"fullName":"Test Toast Test _alert: false, _heading: Überschrift, _level: 4, _type: warning","location":null,"status":"passed","title":"Test _alert: false, _heading: Überschrift, _level: 4, _type: warning"},{"ancestorTitles":["Test Toast"],"failureMessages":[],"fullName":"Test Toast Test _show: false, _alert: false, _heading: Überschrift, _level: 4, _type: warning","location":null,"status":"passed","title":"Test _show: false, _alert: false, _heading: Überschrift, _level: 4, _type: warning"},{"ancestorTitles":["Test Toast"],"failureMessages":[],"fullName":"Test Toast Test _show: true, _alert: false, _heading: Überschrift, _level: 4, _type: warning","location":null,"status":"passed","title":"Test _show: true, _alert: false, _heading: Überschrift, _level: 4, _type: warning"},{"ancestorTitles":["Test Toast"],"failureMessages":[],"fullName":"Test Toast Test _alert: true, _heading: Überschrift, _level: 4, _type: warning","location":null,"status":"passed","title":"Test _alert: true, _heading: Überschrift, _level: 4, _type: warning"},{"ancestorTitles":["Test Toast"],"failureMessages":[],"fullName":"Test Toast Test _show: false, _alert: true, _heading: Überschrift, _level: 4, _type: warning","location":null,"status":"passed","title":"Test _show: false, _alert: true, _heading: Überschrift, _level: 4, _type: warning"},{"ancestorTitles":["Test Toast"],"failureMessages":[],"fullName":"Test Toast Test _show: true, _alert: true, _heading: Überschrift, _level: 4, _type: warning","location":null,"status":"passed","title":"Test _show: true, _alert: true, _heading: Überschrift, _level: 4, _type: warning"},{"ancestorTitles":["Test Toast"],"failureMessages":[],"fullName":"Test Toast Test _level: 5, _type: warning","location":null,"status":"passed","title":"Test _level: 5, _type: warning"},{"ancestorTitles":["Test Toast"],"failureMessages":[],"fullName":"Test Toast Test _show: false, _level: 5, _type: warning","location":null,"status":"passed","title":"Test _show: false, _level: 5, _type: warning"},{"ancestorTitles":["Test Toast"],"failureMessages":[],"fullName":"Test Toast Test _show: true, _level: 5, _type: warning","location":null,"status":"passed","title":"Test _show: true, _level: 5, _type: warning"},{"ancestorTitles":["Test Toast"],"failureMessages":[],"fullName":"Test Toast Test _alert: false, _level: 5, _type: warning","location":null,"status":"passed","title":"Test _alert: false, _level: 5, _type: warning"},{"ancestorTitles":["Test Toast"],"failureMessages":[],"fullName":"Test Toast Test _show: false, _alert: false, _level: 5, _type: warning","location":null,"status":"passed","title":"Test _show: false, _alert: false, _level: 5, _type: warning"},{"ancestorTitles":["Test Toast"],"failureMessages":[],"fullName":"Test Toast Test _show: true, _alert: false, _level: 5, _type: warning","location":null,"status":"passed","title":"Test _show: true, _alert: false, _level: 5, _type: warning"},{"ancestorTitles":["Test Toast"],"failureMessages":[],"fullName":"Test Toast Test _alert: true, _level: 5, _type: warning","location":null,"status":"passed","title":"Test _alert: true, _level: 5, _type: warning"},{"ancestorTitles":["Test Toast"],"failureMessages":[],"fullName":"Test Toast Test _show: false, _alert: true, _level: 5, _type: warning","location":null,"status":"passed","title":"Test _show: false, _alert: true, _level: 5, _type: warning"},{"ancestorTitles":["Test Toast"],"failureMessages":[],"fullName":"Test Toast Test _show: true, _alert: true, _level: 5, _type: warning","location":null,"status":"passed","title":"Test _show: true, _alert: true, _level: 5, _type: warning"},{"ancestorTitles":["Test Toast"],"failureMessages":[],"fullName":"Test Toast Test _heading: Überschrift, _level: 5, _type: warning","location":null,"status":"passed","title":"Test _heading: Überschrift, _level: 5, _type: warning"},{"ancestorTitles":["Test Toast"],"failureMessages":[],"fullName":"Test Toast Test _show: false, _heading: Überschrift, _level: 5, _type: warning","location":null,"status":"passed","title":"Test _show: false, _heading: Überschrift, _level: 5, _type: warning"},{"ancestorTitles":["Test Toast"],"failureMessages":[],"fullName":"Test Toast Test _show: true, _heading: Überschrift, _level: 5, _type: warning","location":null,"status":"passed","title":"Test _show: true, _heading: Überschrift, _level: 5, _type: warning"},{"ancestorTitles":["Test Toast"],"failureMessages":[],"fullName":"Test Toast Test _alert: false, _heading: Überschrift, _level: 5, _type: warning","location":null,"status":"passed","title":"Test _alert: false, _heading: Überschrift, _level: 5, _type: warning"},{"ancestorTitles":["Test Toast"],"failureMessages":[],"fullName":"Test Toast Test _show: false, _alert: false, _heading: Überschrift, _level: 5, _type: warning","location":null,"status":"passed","title":"Test _show: false, _alert: false, _heading: Überschrift, _level: 5, _type: warning"},{"ancestorTitles":["Test Toast"],"failureMessages":[],"fullName":"Test Toast Test _show: true, _alert: false, _heading: Überschrift, _level: 5, _type: warning","location":null,"status":"passed","title":"Test _show: true, _alert: false, _heading: Überschrift, _level: 5, _type: warning"},{"ancestorTitles":["Test Toast"],"failureMessages":[],"fullName":"Test Toast Test _alert: true, _heading: Überschrift, _level: 5, _type: warning","location":null,"status":"passed","title":"Test _alert: true, _heading: Überschrift, _level: 5, _type: warning"},{"ancestorTitles":["Test Toast"],"failureMessages":[],"fullName":"Test Toast Test _show: false, _alert: true, _heading: Überschrift, _level: 5, _type: warning","location":null,"status":"passed","title":"Test _show: false, _alert: true, _heading: Überschrift, _level: 5, _type: warning"},{"ancestorTitles":["Test Toast"],"failureMessages":[],"fullName":"Test Toast Test _show: true, _alert: true, _heading: Überschrift, _level: 5, _type: warning","location":null,"status":"passed","title":"Test _show: true, _alert: true, _heading: Überschrift, _level: 5, _type: warning"},{"ancestorTitles":["Test Toast"],"failureMessages":[],"fullName":"Test Toast Test _level: 6, _type: warning","location":null,"status":"passed","title":"Test _level: 6, _type: warning"},{"ancestorTitles":["Test Toast"],"failureMessages":[],"fullName":"Test Toast Test _show: false, _level: 6, _type: warning","location":null,"status":"passed","title":"Test _show: false, _level: 6, _type: warning"},{"ancestorTitles":["Test Toast"],"failureMessages":[],"fullName":"Test Toast Test _show: true, _level: 6, _type: warning","location":null,"status":"passed","title":"Test _show: true, _level: 6, _type: warning"},{"ancestorTitles":["Test Toast"],"failureMessages":[],"fullName":"Test Toast Test _alert: false, _level: 6, _type: warning","location":null,"status":"passed","title":"Test _alert: false, _level: 6, _type: warning"},{"ancestorTitles":["Test Toast"],"failureMessages":[],"fullName":"Test Toast Test _show: false, _alert: false, _level: 6, _type: warning","location":null,"status":"passed","title":"Test _show: false, _alert: false, _level: 6, _type: warning"},{"ancestorTitles":["Test Toast"],"failureMessages":[],"fullName":"Test Toast Test _show: true, _alert: false, _level: 6, _type: warning","location":null,"status":"passed","title":"Test _show: true, _alert: false, _level: 6, _type: warning"},{"ancestorTitles":["Test Toast"],"failureMessages":[],"fullName":"Test Toast Test _alert: true, _level: 6, _type: warning","location":null,"status":"passed","title":"Test _alert: true, _level: 6, _type: warning"},{"ancestorTitles":["Test Toast"],"failureMessages":[],"fullName":"Test Toast Test _show: false, _alert: true, _level: 6, _type: warning","location":null,"status":"passed","title":"Test _show: false, _alert: true, _level: 6, _type: warning"},{"ancestorTitles":["Test Toast"],"failureMessages":[],"fullName":"Test Toast Test _show: true, _alert: true, _level: 6, _type: warning","location":null,"status":"passed","title":"Test _show: true, _alert: true, _level: 6, _type: warning"},{"ancestorTitles":["Test Toast"],"failureMessages":[],"fullName":"Test Toast Test _heading: Überschrift, _level: 6, _type: warning","location":null,"status":"passed","title":"Test _heading: Überschrift, _level: 6, _type: warning"},{"ancestorTitles":["Test Toast"],"failureMessages":[],"fullName":"Test Toast Test _show: false, _heading: Überschrift, _level: 6, _type: warning","location":null,"status":"passed","title":"Test _show: false, _heading: Überschrift, _level: 6, _type: warning"},{"ancestorTitles":["Test Toast"],"failureMessages":[],"fullName":"Test Toast Test _show: true, _heading: Überschrift, _level: 6, _type: warning","location":null,"status":"passed","title":"Test _show: true, _heading: Überschrift, _level: 6, _type: warning"},{"ancestorTitles":["Test Toast"],"failureMessages":[],"fullName":"Test Toast Test _alert: false, _heading: Überschrift, _level: 6, _type: warning","location":null,"status":"passed","title":"Test _alert: false, _heading: Überschrift, _level: 6, _type: warning"},{"ancestorTitles":["Test Toast"],"failureMessages":[],"fullName":"Test Toast Test _show: false, _alert: false, _heading: Überschrift, _level: 6, _type: warning","location":null,"status":"passed","title":"Test _show: false, _alert: false, _heading: Überschrift, _level: 6, _type: warning"},{"ancestorTitles":["Test Toast"],"failureMessages":[],"fullName":"Test Toast Test _show: true, _alert: false, _heading: Überschrift, _level: 6, _type: warning","location":null,"status":"passed","title":"Test _show: true, _alert: false, _heading: Überschrift, _level: 6, _type: warning"},{"ancestorTitles":["Test Toast"],"failureMessages":[],"fullName":"Test Toast Test _alert: true, _heading: Überschrift, _level: 6, _type: warning","location":null,"status":"passed","title":"Test _alert: true, _heading: Überschrift, _level: 6, _type: warning"},{"ancestorTitles":["Test Toast"],"failureMessages":[],"fullName":"Test Toast Test _show: false, _alert: true, _heading: Überschrift, _level: 6, _type: warning","location":null,"status":"passed","title":"Test _show: false, _alert: true, _heading: Überschrift, _level: 6, _type: warning"},{"ancestorTitles":["Test Toast"],"failureMessages":[],"fullName":"Test Toast Test _show: true, _alert: true, _heading: Überschrift, _level: 6, _type: warning","location":null,"status":"passed","title":"Test _show: true, _alert: true, _heading: Überschrift, _level: 6, _type: warning"}],"endTime":1671543173681,"message":"","name":"/home/runner/work/kolibri/kolibri/packages/library/src/components/toast/test/snapshot.spec.tsx","startTime":1671543122650,"status":"passed","summary":""}],"wasInterrupted":false}